{"/Users/josepheisele/Documents/Coding/repos/prevue2/src-electron/main-process/electron-main.dev.js": {"path":"/Users/josepheisele/Documents/Coding/repos/prevue2/src-electron/main-process/electron-main.dev.js","statementMap":{"0":{"start":{"line":9,"column":0},"end":{"line":9,"column":49}},"1":{"start":{"line":12,"column":0},"end":{"line":19,"column":2}},"2":{"start":{"line":13,"column":25},"end":{"line":13,"column":63}},"3":{"start":{"line":14,"column":2},"end":{"line":18,"column":6}},"4":{"start":{"line":17,"column":6},"end":{"line":17,"column":62}},"5":{"start":{"line":22,"column":0},"end":{"line":22,"column":26}}},"fnMap":{"0":{"name":"(anonymous_0)","decl":{"start":{"line":12,"column":36},"end":{"line":12,"column":37}},"loc":{"start":{"line":12,"column":42},"end":{"line":19,"column":1}},"line":12},"1":{"name":"(anonymous_1)","decl":{"start":{"line":15,"column":10},"end":{"line":15,"column":11}},"loc":{"start":{"line":15,"column":16},"end":{"line":15,"column":18}},"line":15},"2":{"name":"(anonymous_2)","decl":{"start":{"line":16,"column":11},"end":{"line":16,"column":12}},"loc":{"start":{"line":16,"column":18},"end":{"line":18,"column":5}},"line":16}},"branchMap":{},"s":{"0":0,"1":0,"2":0,"3":0,"4":0,"5":0},"f":{"0":0,"1":0,"2":0},"b":{},"hash":"134ed409543c91a62be178c19b6a6315ed3fd93d"}
,"/Users/josepheisele/Documents/Coding/repos/prevue2/src-electron/main-process/electron-main.js": {"path":"/Users/josepheisele/Documents/Coding/repos/prevue2/src-electron/main-process/electron-main.js","statementMap":{"0":{"start":{"line":7,"column":0},"end":{"line":9,"column":1}},"1":{"start":{"line":8,"column":2},"end":{"line":8,"column":86}},"2":{"start":{"line":17,"column":2},"end":{"line":24,"column":4}},"3":{"start":{"line":26,"column":2},"end":{"line":26,"column":41}},"4":{"start":{"line":28,"column":2},"end":{"line":30,"column":4}},"5":{"start":{"line":29,"column":4},"end":{"line":29,"column":21}},"6":{"start":{"line":33,"column":0},"end":{"line":33,"column":29}},"7":{"start":{"line":35,"column":0},"end":{"line":39,"column":2}},"8":{"start":{"line":36,"column":2},"end":{"line":38,"column":3}},"9":{"start":{"line":37,"column":4},"end":{"line":37,"column":14}},"10":{"start":{"line":41,"column":0},"end":{"line":45,"column":2}},"11":{"start":{"line":42,"column":2},"end":{"line":44,"column":3}},"12":{"start":{"line":43,"column":4},"end":{"line":43,"column":18}}},"fnMap":{"0":{"name":"createWindow","decl":{"start":{"line":13,"column":9},"end":{"line":13,"column":21}},"loc":{"start":{"line":13,"column":25},"end":{"line":31,"column":1}},"line":13},"1":{"name":"(anonymous_1)","decl":{"start":{"line":28,"column":26},"end":{"line":28,"column":27}},"loc":{"start":{"line":28,"column":32},"end":{"line":30,"column":3}},"line":28},"2":{"name":"(anonymous_2)","decl":{"start":{"line":35,"column":28},"end":{"line":35,"column":29}},"loc":{"start":{"line":35,"column":34},"end":{"line":39,"column":1}},"line":35},"3":{"name":"(anonymous_3)","decl":{"start":{"line":41,"column":19},"end":{"line":41,"column":20}},"loc":{"start":{"line":41,"column":25},"end":{"line":45,"column":1}},"line":41}},"branchMap":{"0":{"loc":{"start":{"line":7,"column":0},"end":{"line":9,"column":1}},"type":"if","locations":[{"start":{"line":7,"column":0},"end":{"line":9,"column":1}},{"start":{"line":7,"column":0},"end":{"line":9,"column":1}}],"line":7},"1":{"loc":{"start":{"line":36,"column":2},"end":{"line":38,"column":3}},"type":"if","locations":[{"start":{"line":36,"column":2},"end":{"line":38,"column":3}},{"start":{"line":36,"column":2},"end":{"line":38,"column":3}}],"line":36},"2":{"loc":{"start":{"line":42,"column":2},"end":{"line":44,"column":3}},"type":"if","locations":[{"start":{"line":42,"column":2},"end":{"line":44,"column":3}},{"start":{"line":42,"column":2},"end":{"line":44,"column":3}}],"line":42}},"s":{"0":0,"1":0,"2":0,"3":0,"4":0,"5":0,"6":0,"7":0,"8":0,"9":0,"10":0,"11":0,"12":0},"f":{"0":0,"1":0,"2":0,"3":0},"b":{"0":[0,0],"1":[0,0],"2":[0,0]},"hash":"7805dcd0b76e107d1f83813958ca7e1312c7b610"}
,"/Users/josepheisele/Documents/Coding/repos/prevue2/src-pwa/custom-service-worker.js": {"path":"/Users/josepheisele/Documents/Coding/repos/prevue2/src-pwa/custom-service-worker.js","statementMap":{},"fnMap":{},"branchMap":{},"s":{},"f":{},"b":{},"hash":"f26ab9917a85b73b765593106150c07783b16af1"}
,"/Users/josepheisele/Documents/Coding/repos/prevue2/src-pwa/register-service-worker.js": {"path":"/Users/josepheisele/Documents/Coding/repos/prevue2/src-pwa/register-service-worker.js","statementMap":{"0":{"start":{"line":7,"column":0},"end":{"line":41,"column":2}},"1":{"start":{"line":15,"column":4},"end":{"line":15,"column":70}},"2":{"start":{"line":19,"column":4},"end":{"line":19,"column":54}},"3":{"start":{"line":23,"column":4},"end":{"line":23,"column":59}},"4":{"start":{"line":27,"column":4},"end":{"line":27,"column":46}},"5":{"start":{"line":31,"column":4},"end":{"line":31,"column":60}},"6":{"start":{"line":35,"column":4},"end":{"line":35,"column":80}},"7":{"start":{"line":39,"column":4},"end":{"line":39,"column":67}}},"fnMap":{"0":{"name":"(anonymous_0)","decl":{"start":{"line":14,"column":2},"end":{"line":14,"column":3}},"loc":{"start":{"line":14,"column":11},"end":{"line":16,"column":3}},"line":14},"1":{"name":"(anonymous_1)","decl":{"start":{"line":18,"column":2},"end":{"line":18,"column":3}},"loc":{"start":{"line":18,"column":28},"end":{"line":20,"column":3}},"line":18},"2":{"name":"(anonymous_2)","decl":{"start":{"line":22,"column":2},"end":{"line":22,"column":3}},"loc":{"start":{"line":22,"column":24},"end":{"line":24,"column":3}},"line":22},"3":{"name":"(anonymous_3)","decl":{"start":{"line":26,"column":2},"end":{"line":26,"column":3}},"loc":{"start":{"line":26,"column":29},"end":{"line":28,"column":3}},"line":26},"4":{"name":"(anonymous_4)","decl":{"start":{"line":30,"column":2},"end":{"line":30,"column":3}},"loc":{"start":{"line":30,"column":25},"end":{"line":32,"column":3}},"line":30},"5":{"name":"(anonymous_5)","decl":{"start":{"line":34,"column":2},"end":{"line":34,"column":3}},"loc":{"start":{"line":34,"column":13},"end":{"line":36,"column":3}},"line":34},"6":{"name":"(anonymous_6)","decl":{"start":{"line":38,"column":2},"end":{"line":38,"column":3}},"loc":{"start":{"line":38,"column":14},"end":{"line":40,"column":3}},"line":38}},"branchMap":{},"s":{"0":0,"1":0,"2":0,"3":0,"4":0,"5":0,"6":0,"7":0},"f":{"0":0,"1":0,"2":0,"3":0,"4":0,"5":0,"6":0},"b":{},"hash":"96874961e1a3b2786d5d89f75175f8720a54d874"}
,"/Users/josepheisele/Documents/Coding/repos/prevue2/src/components/ChildrenMultiselect.vue": {"path":"/Users/josepheisele/Documents/Coding/repos/prevue2/src/components/ChildrenMultiselect.vue","statementMap":{"0":{"start":{"line":25,"column":0},"end":{"line":25,"column":null}},"1":{"start":{"line":26,"column":0},"end":{"line":26,"column":null}},"2":{"start":{"line":42,"column":0},"end":{"line":42,"column":null}},"3":{"start":{"line":43,"column":0},"end":{"line":43,"column":null}},"4":{"start":{"line":44,"column":0},"end":{"line":44,"column":null}},"5":{"start":{"line":45,"column":0},"end":{"line":47,"column":null}},"6":{"start":{"line":46,"column":0},"end":{"line":46,"column":null}},"7":{"start":{"line":58,"column":0},"end":{"line":58,"column":null}},"8":{"start":{"line":59,"column":0},"end":{"line":59,"column":null}},"9":{"start":{"line":60,"column":0},"end":{"line":60,"column":null}}},"fnMap":{"0":{"name":"options","decl":{"start":{"line":41,"column":0},"end":{"line":41,"column":null}},"loc":{"start":{"line":41,"column":0},"end":{"line":48,"column":null}}},"1":{"name":"(anonymous_2)","decl":{"start":{"line":45,"column":0},"end":{"line":45,"column":null}},"loc":{"start":{"line":45,"column":0},"end":{"line":47,"column":null}}},"2":{"name":"handleSelect","decl":{"start":{"line":56,"column":0},"end":{"line":56,"column":null}},"loc":{"start":{"line":56,"column":0},"end":{"line":61,"column":null}}}},"branchMap":{"0":{"loc":{"start":{"line":46,"column":0},"end":{"line":46,"column":null}},"type":"if","locations":[{"start":{"line":46,"column":0},"end":{"line":46,"column":null}},{"start":{"line":46,"column":0},"end":{"line":46,"column":null}}]}},"s":{"0":0,"1":0,"2":0,"3":0,"4":0,"5":0,"6":0,"7":0,"8":0,"9":0},"f":{"0":0,"1":0,"2":0},"b":{"0":[0,0]}}
,"/Users/josepheisele/Documents/Coding/repos/prevue2/src/components/CodeSnippet.vue": {"path":"/Users/josepheisele/Documents/Coding/repos/prevue2/src/components/CodeSnippet.vue","statementMap":{"0":{"start":{"line":18,"column":0},"end":{"line":18,"column":null}},"1":{"start":{"line":19,"column":0},"end":{"line":19,"column":null}},"2":{"start":{"line":20,"column":0},"end":{"line":20,"column":null}},"3":{"start":{"line":21,"column":0},"end":{"line":21,"column":null}},"4":{"start":{"line":22,"column":0},"end":{"line":22,"column":null}},"5":{"start":{"line":26,"column":0},"end":{"line":26,"column":null}},"6":{"start":{"line":41,"column":0},"end":{"line":41,"column":null}},"7":{"start":{"line":43,"column":0},"end":{"line":43,"column":null}},"8":{"start":{"line":47,"column":0},"end":{"line":47,"column":null}},"9":{"start":{"line":48,"column":0},"end":{"line":48,"column":null}},"10":{"start":{"line":51,"column":0},"end":{"line":51,"column":null}},"11":{"start":{"line":52,"column":0},"end":{"line":52,"column":null}},"12":{"start":{"line":53,"column":0},"end":{"line":55,"column":null}},"13":{"start":{"line":54,"column":0},"end":{"line":54,"column":null}},"14":{"start":{"line":56,"column":0},"end":{"line":56,"column":null}},"15":{"start":{"line":57,"column":0},"end":{"line":57,"column":null}},"16":{"start":{"line":62,"column":0},"end":{"line":62,"column":null}},"17":{"start":{"line":76,"column":0},"end":{"line":76,"column":null}},"18":{"start":{"line":77,"column":0},"end":{"line":77,"column":null}},"19":{"start":{"line":59,"column":0},"end":{"line":59,"column":null}},"20":{"start":{"line":78,"column":0},"end":{"line":83,"column":null}},"21":{"start":{"line":78,"column":0},"end":{"line":78,"column":null}},"22":{"start":{"line":79,"column":0},"end":{"line":79,"column":null}},"23":{"start":{"line":80,"column":0},"end":{"line":80,"column":null}},"24":{"start":{"line":81,"column":0},"end":{"line":81,"column":null}},"25":{"start":{"line":82,"column":0},"end":{"line":82,"column":null}},"26":{"start":{"line":85,"column":0},"end":{"line":85,"column":null}},"27":{"start":{"line":88,"column":0},"end":{"line":88,"column":null}},"28":{"start":{"line":89,"column":0},"end":{"line":91,"column":null}},"29":{"start":{"line":90,"column":0},"end":{"line":90,"column":null}},"30":{"start":{"line":92,"column":0},"end":{"line":92,"column":null}},"31":{"start":{"line":93,"column":0},"end":{"line":95,"column":null}},"32":{"start":{"line":94,"column":0},"end":{"line":94,"column":null}},"33":{"start":{"line":96,"column":0},"end":{"line":96,"column":null}},"34":{"start":{"line":99,"column":0},"end":{"line":99,"column":null}},"35":{"start":{"line":102,"column":0},"end":{"line":106,"column":null}},"36":{"start":{"line":103,"column":0},"end":{"line":103,"column":null}},"37":{"start":{"line":105,"column":0},"end":{"line":105,"column":null}},"38":{"start":{"line":111,"column":0},"end":{"line":111,"column":null}},"39":{"start":{"line":114,"column":0},"end":{"line":114,"column":null}}},"fnMap":{"0":{"name":"data","decl":{"start":{"line":25,"column":0},"end":{"line":25,"column":null}},"loc":{"start":{"line":25,"column":0},"end":{"line":31,"column":null}}},"1":{"name":"getWindowHeight","decl":{"start":{"line":40,"column":0},"end":{"line":40,"column":null}},"loc":{"start":{"line":40,"column":0},"end":{"line":44,"column":null}}},"2":{"name":"createCodeSnippet","decl":{"start":{"line":46,"column":0},"end":{"line":46,"column":null}},"loc":{"start":{"line":46,"column":0},"end":{"line":49,"column":null}}},"3":{"name":"createTemplate","decl":{"start":{"line":50,"column":0},"end":{"line":50,"column":null}},"loc":{"start":{"line":50,"column":0},"end":{"line":58,"column":null}}},"4":{"name":"(anonymous_5)","decl":{"start":{"line":53,"column":0},"end":{"line":53,"column":null}},"loc":{"start":{"line":53,"column":0},"end":{"line":55,"column":null}}},"5":{"name":"writeTemplateTag","decl":{"start":{"line":59,"column":0},"end":{"line":59,"column":null}},"loc":{"start":{"line":59,"column":0},"end":{"line":86,"column":null}}},"6":{"name":"createBoiler","decl":{"start":{"line":87,"column":0},"end":{"line":87,"column":null}},"loc":{"start":{"line":87,"column":0},"end":{"line":97,"column":null}}},"7":{"name":"(anonymous_8)","decl":{"start":{"line":89,"column":0},"end":{"line":89,"column":null}},"loc":{"start":{"line":89,"column":0},"end":{"line":91,"column":null}}},"8":{"name":"(anonymous_9)","decl":{"start":{"line":93,"column":0},"end":{"line":93,"column":null}},"loc":{"start":{"line":93,"column":0},"end":{"line":95,"column":null}}},"9":{"name":"mounted","decl":{"start":{"line":99,"column":0},"end":{"line":99,"column":null}},"loc":{"start":{"line":99,"column":0},"end":{"line":107,"column":null}}},"10":{"name":"(anonymous_11)","decl":{"start":{"line":102,"column":0},"end":{"line":102,"column":null}},"loc":{"start":{"line":102,"column":0},"end":{"line":106,"column":null}}},"11":{"name":"updated","decl":{"start":{"line":109,"column":0},"end":{"line":109,"column":null}},"loc":{"start":{"line":109,"column":0},"end":{"line":112,"column":null}}},"12":{"name":"beforeDestroy","decl":{"start":{"line":113,"column":0},"end":{"line":113,"column":null}},"loc":{"start":{"line":113,"column":0},"end":{"line":115,"column":null}}}},"branchMap":{"0":{"loc":{"start":{"line":41,"column":0},"end":{"line":41,"column":null}},"type":"cond-expr","locations":[{"start":{"line":41,"column":0},"end":{"line":41,"column":null}},{"start":{"line":41,"column":0},"end":{"line":41,"column":null}}]},"1":{"loc":{"start":{"line":59,"column":0},"end":{"line":59,"column":null}},"type":"if","locations":[{"start":{"line":59,"column":0},"end":{"line":59,"column":null}},{"start":{"line":59,"column":0},"end":{"line":59,"column":null}}]}},"s":{"0":0,"1":0,"2":0,"3":0,"4":0,"5":0,"6":0,"7":0,"8":0,"9":0,"10":0,"11":0,"12":0,"13":0,"14":0,"15":0,"16":0,"17":0,"18":0,"19":0,"20":0,"21":0,"22":0,"23":0,"24":0,"25":0,"26":0,"27":0,"28":0,"29":0,"30":0,"31":0,"32":0,"33":0,"34":0,"35":0,"36":0,"37":0,"38":0,"39":0},"f":{"0":0,"1":0,"2":0,"3":0,"4":0,"5":0,"6":0,"7":0,"8":0,"9":0,"10":0,"11":0,"12":0},"b":{"0":[0,0],"1":[0,0]}}
,"/Users/josepheisele/Documents/Coding/repos/prevue2/src/components/ComponentDisplay.vue": {"path":"/Users/josepheisele/Documents/Coding/repos/prevue2/src/components/ComponentDisplay.vue","statementMap":{"0":{"start":{"line":58,"column":0},"end":{"line":58,"column":null}},"1":{"start":{"line":59,"column":0},"end":{"line":59,"column":null}},"2":{"start":{"line":61,"column":0},"end":{"line":61,"column":null}},"3":{"start":{"line":69,"column":0},"end":{"line":69,"column":null}},"4":{"start":{"line":76,"column":0},"end":{"line":76,"column":null}},"5":{"start":{"line":78,"column":0},"end":{"line":84,"column":null}},"6":{"start":{"line":79,"column":0},"end":{"line":83,"column":null}},"7":{"start":{"line":80,"column":0},"end":{"line":82,"column":null}},"8":{"start":{"line":81,"column":0},"end":{"line":81,"column":null}},"9":{"start":{"line":90,"column":0},"end":{"line":90,"column":null}},"10":{"start":{"line":91,"column":0},"end":{"line":91,"column":null}},"11":{"start":{"line":94,"column":0},"end":{"line":94,"column":null}},"12":{"start":{"line":95,"column":0},"end":{"line":97,"column":null}},"13":{"start":{"line":96,"column":0},"end":{"line":96,"column":null}},"14":{"start":{"line":100,"column":0},"end":{"line":100,"column":null}},"15":{"start":{"line":104,"column":0},"end":{"line":104,"column":null}},"16":{"start":{"line":105,"column":0},"end":{"line":105,"column":null}},"17":{"start":{"line":106,"column":0},"end":{"line":108,"column":null}},"18":{"start":{"line":107,"column":0},"end":{"line":107,"column":null}},"19":{"start":{"line":117,"column":0},"end":{"line":117,"column":null}},"20":{"start":{"line":118,"column":0},"end":{"line":118,"column":null}},"21":{"start":{"line":119,"column":0},"end":{"line":119,"column":null}},"22":{"start":{"line":120,"column":0},"end":{"line":120,"column":null}},"23":{"start":{"line":122,"column":0},"end":{"line":122,"column":null}},"24":{"start":{"line":123,"column":0},"end":{"line":123,"column":null}},"25":{"start":{"line":124,"column":0},"end":{"line":124,"column":null}},"26":{"start":{"line":125,"column":0},"end":{"line":125,"column":null}},"27":{"start":{"line":128,"column":0},"end":{"line":128,"column":null}},"28":{"start":{"line":129,"column":0},"end":{"line":129,"column":null}},"29":{"start":{"line":131,"column":0},"end":{"line":131,"column":null}},"30":{"start":{"line":132,"column":0},"end":{"line":132,"column":null}},"31":{"start":{"line":135,"column":0},"end":{"line":135,"column":null}},"32":{"start":{"line":136,"column":0},"end":{"line":136,"column":null}},"33":{"start":{"line":139,"column":0},"end":{"line":139,"column":null}},"34":{"start":{"line":142,"column":0},"end":{"line":142,"column":null}},"35":{"start":{"line":143,"column":0},"end":{"line":143,"column":null}},"36":{"start":{"line":147,"column":0},"end":{"line":147,"column":null}},"37":{"start":{"line":151,"column":0},"end":{"line":151,"column":null}},"38":{"start":{"line":152,"column":0},"end":{"line":152,"column":null}}},"fnMap":{"0":{"name":"data","decl":{"start":{"line":68,"column":0},"end":{"line":68,"column":null}},"loc":{"start":{"line":68,"column":0},"end":{"line":75,"column":null}}},"1":{"name":"mounted","decl":{"start":{"line":76,"column":0},"end":{"line":76,"column":null}},"loc":{"start":{"line":76,"column":0},"end":{"line":85,"column":null}}},"2":{"name":"(anonymous_3)","decl":{"start":{"line":78,"column":0},"end":{"line":78,"column":null}},"loc":{"start":{"line":78,"column":0},"end":{"line":84,"column":null}}},"3":{"name":"activeRouteArray","decl":{"start":{"line":89,"column":0},"end":{"line":89,"column":null}},"loc":{"start":{"line":89,"column":0},"end":{"line":92,"column":null}}},"4":{"name":"activeComponentData","decl":{"start":{"line":94,"column":0},"end":{"line":94,"column":null}},"loc":{"start":{"line":94,"column":0},"end":{"line":98,"column":null}}},"5":{"name":"(anonymous_6)","decl":{"start":{"line":95,"column":0},"end":{"line":95,"column":null}},"loc":{"start":{"line":95,"column":0},"end":{"line":97,"column":null}}},"6":{"name":"childList","decl":{"start":{"line":99,"column":0},"end":{"line":99,"column":null}},"loc":{"start":{"line":99,"column":0},"end":{"line":101,"column":null}}},"7":{"name":"options","decl":{"start":{"line":102,"column":0},"end":{"line":102,"column":null}},"loc":{"start":{"line":102,"column":0},"end":{"line":109,"column":null}}},"8":{"name":"(anonymous_9)","decl":{"start":{"line":106,"column":0},"end":{"line":106,"column":null}},"loc":{"start":{"line":106,"column":0},"end":{"line":108,"column":null}}},"9":{"name":"onResize","decl":{"start":{"line":116,"column":0},"end":{"line":116,"column":null}},"loc":{"start":{"line":116,"column":0},"end":{"line":126,"column":null}}},"10":{"name":"onDrag","decl":{"start":{"line":127,"column":0},"end":{"line":127,"column":null}},"loc":{"start":{"line":127,"column":0},"end":{"line":133,"column":null}}},"11":{"name":"onActivated","decl":{"start":{"line":134,"column":0},"end":{"line":134,"column":null}},"loc":{"start":{"line":134,"column":0},"end":{"line":137,"column":null}}},"12":{"name":"onDeactivated","decl":{"start":{"line":138,"column":0},"end":{"line":138,"column":null}},"loc":{"start":{"line":138,"column":0},"end":{"line":140,"column":null}}},"13":{"name":"onDoubleClick","decl":{"start":{"line":141,"column":0},"end":{"line":141,"column":null}},"loc":{"start":{"line":141,"column":0},"end":{"line":144,"column":null}}},"14":{"name":"handleAddChild","decl":{"start":{"line":145,"column":0},"end":{"line":145,"column":null}},"loc":{"start":{"line":145,"column":0},"end":{"line":148,"column":null}}},"15":{"name":"handleSelect","decl":{"start":{"line":149,"column":0},"end":{"line":149,"column":null}},"loc":{"start":{"line":149,"column":0},"end":{"line":154,"column":null}}}},"branchMap":{"0":{"loc":{"start":{"line":79,"column":0},"end":{"line":83,"column":null}},"type":"if","locations":[{"start":{"line":79,"column":0},"end":{"line":83,"column":null}},{"start":{"line":79,"column":0},"end":{"line":83,"column":null}}]},"1":{"loc":{"start":{"line":80,"column":0},"end":{"line":82,"column":null}},"type":"if","locations":[{"start":{"line":80,"column":0},"end":{"line":82,"column":null}},{"start":{"line":80,"column":0},"end":{"line":82,"column":null}}]},"2":{"loc":{"start":{"line":80,"column":0},"end":{"line":80,"column":null}},"type":"binary-expr","locations":[{"start":{"line":80,"column":0},"end":{"line":80,"column":null}},{"start":{"line":80,"column":0},"end":{"line":80,"column":null}}]},"3":{"loc":{"start":{"line":107,"column":0},"end":{"line":107,"column":null}},"type":"if","locations":[{"start":{"line":107,"column":0},"end":{"line":107,"column":null}},{"start":{"line":107,"column":0},"end":{"line":107,"column":null}}]}},"s":{"0":0,"1":0,"2":0,"3":0,"4":0,"5":0,"6":0,"7":0,"8":0,"9":0,"10":0,"11":0,"12":0,"13":0,"14":0,"15":0,"16":0,"17":0,"18":0,"19":0,"20":0,"21":0,"22":0,"23":0,"24":0,"25":0,"26":0,"27":0,"28":0,"29":0,"30":0,"31":0,"32":0,"33":0,"34":0,"35":0,"36":0,"37":0,"38":0},"f":{"0":0,"1":0,"2":0,"3":0,"4":0,"5":0,"6":0,"7":0,"8":0,"9":0,"10":0,"11":0,"12":0,"13":0,"14":0,"15":0},"b":{"0":[0,0],"1":[0,0],"2":[0,0],"3":[0,0]}}
,"/Users/josepheisele/Documents/Coding/repos/prevue2/src/components/CreateComponent.vue": {"path":"/Users/josepheisele/Documents/Coding/repos/prevue2/src/components/CreateComponent.vue","statementMap":{"0":{"start":{"line":28,"column":0},"end":{"line":28,"column":null}},"1":{"start":{"line":29,"column":0},"end":{"line":29,"column":null}},"2":{"start":{"line":30,"column":0},"end":{"line":30,"column":null}},"3":{"start":{"line":42,"column":0},"end":{"line":42,"column":null}},"4":{"start":{"line":45,"column":0},"end":{"line":45,"column":null}},"5":{"start":{"line":58,"column":0},"end":{"line":58,"column":null}},"6":{"start":{"line":69,"column":0},"end":{"line":69,"column":null}},"7":{"start":{"line":72,"column":0},"end":{"line":72,"column":null}},"8":{"start":{"line":75,"column":0},"end":{"line":75,"column":null}}},"fnMap":{"0":{"name":"get","decl":{"start":{"line":41,"column":0},"end":{"line":41,"column":null}},"loc":{"start":{"line":41,"column":0},"end":{"line":43,"column":null}}},"1":{"name":"set","decl":{"start":{"line":44,"column":0},"end":{"line":44,"column":null}},"loc":{"start":{"line":44,"column":0},"end":{"line":46,"column":null}}},"2":{"name":"handleClick","decl":{"start":{"line":57,"column":0},"end":{"line":57,"column":null}},"loc":{"start":{"line":57,"column":0},"end":{"line":70,"column":null}}},"3":{"name":"resetActiveComponent","decl":{"start":{"line":71,"column":0},"end":{"line":71,"column":null}},"loc":{"start":{"line":71,"column":0},"end":{"line":73,"column":null}}},"4":{"name":"handleIconClick","decl":{"start":{"line":74,"column":0},"end":{"line":74,"column":null}},"loc":{"start":{"line":74,"column":0},"end":{"line":77,"column":null}}}},"branchMap":{"0":{"loc":{"start":{"line":75,"column":0},"end":{"line":75,"column":null}},"type":"if","locations":[{"start":{"line":75,"column":0},"end":{"line":75,"column":null}},{"start":{"line":75,"column":0},"end":{"line":75,"column":null}}]}},"s":{"0":0,"1":0,"2":0,"3":0,"4":0,"5":0,"6":0,"7":0,"8":0},"f":{"0":0,"1":0,"2":0,"3":0,"4":0},"b":{"0":[0,0]}}
,"/Users/josepheisele/Documents/Coding/repos/prevue2/src/components/EditQueue.vue": {"path":"/Users/josepheisele/Documents/Coding/repos/prevue2/src/components/EditQueue.vue","statementMap":{"0":{"start":{"line":17,"column":0},"end":{"line":17,"column":null}},"1":{"start":{"line":18,"column":0},"end":{"line":18,"column":null}},"2":{"start":{"line":19,"column":0},"end":{"line":19,"column":null}},"3":{"start":{"line":35,"column":0},"end":{"line":35,"column":null}},"4":{"start":{"line":43,"column":0},"end":{"line":43,"column":null}},"5":{"start":{"line":46,"column":0},"end":{"line":46,"column":null}},"6":{"start":{"line":53,"column":0},"end":{"line":53,"column":null}}},"fnMap":{"0":{"name":"data","decl":{"start":{"line":34,"column":0},"end":{"line":34,"column":null}},"loc":{"start":{"line":34,"column":0},"end":{"line":38,"column":null}}},"1":{"name":"get","decl":{"start":{"line":42,"column":0},"end":{"line":42,"column":null}},"loc":{"start":{"line":42,"column":0},"end":{"line":44,"column":null}}},"2":{"name":"set","decl":{"start":{"line":45,"column":0},"end":{"line":45,"column":null}},"loc":{"start":{"line":45,"column":0},"end":{"line":47,"column":null}}},"3":{"name":"deleteElement","decl":{"start":{"line":52,"column":0},"end":{"line":52,"column":null}},"loc":{"start":{"line":52,"column":0},"end":{"line":54,"column":null}}}},"branchMap":{},"s":{"0":0,"1":0,"2":0,"3":0,"4":0,"5":0,"6":0},"f":{"0":0,"1":0,"2":0,"3":0},"b":{}}
,"/Users/josepheisele/Documents/Coding/repos/prevue2/src/components/Footer.vue": {"path":"/Users/josepheisele/Documents/Coding/repos/prevue2/src/components/Footer.vue","statementMap":{"0":{"start":{"line":47,"column":0},"end":{"line":47,"column":null}},"1":{"start":{"line":48,"column":0},"end":{"line":48,"column":null}},"2":{"start":{"line":49,"column":0},"end":{"line":49,"column":null}},"3":{"start":{"line":58,"column":0},"end":{"line":58,"column":null}},"4":{"start":{"line":70,"column":0},"end":{"line":70,"column":null}},"5":{"start":{"line":71,"column":0},"end":{"line":71,"column":null}},"6":{"start":{"line":72,"column":0},"end":{"line":72,"column":null}}},"fnMap":{"0":{"name":"data","decl":{"start":{"line":57,"column":0},"end":{"line":57,"column":null}},"loc":{"start":{"line":57,"column":0},"end":{"line":65,"column":null}}},"1":{"name":"openBottomDrawer","decl":{"start":{"line":67,"column":0},"end":{"line":67,"column":null}},"loc":{"start":{"line":67,"column":0},"end":{"line":73,"column":null}}}},"branchMap":{"0":{"loc":{"start":{"line":70,"column":0},"end":{"line":70,"column":null}},"type":"cond-expr","locations":[{"start":{"line":70,"column":0},"end":{"line":70,"column":null}},{"start":{"line":70,"column":0},"end":{"line":70,"column":null}}]},"1":{"loc":{"start":{"line":71,"column":0},"end":{"line":71,"column":null}},"type":"cond-expr","locations":[{"start":{"line":71,"column":0},"end":{"line":71,"column":null}},{"start":{"line":71,"column":0},"end":{"line":71,"column":null}}]},"2":{"loc":{"start":{"line":72,"column":0},"end":{"line":72,"column":null}},"type":"cond-expr","locations":[{"start":{"line":72,"column":0},"end":{"line":72,"column":null}},{"start":{"line":72,"column":0},"end":{"line":72,"column":null}}]}},"s":{"0":0,"1":0,"2":0,"3":0,"4":0,"5":0,"6":0},"f":{"0":0,"1":0},"b":{"0":[0,0],"1":[0,0],"2":[0,0]}}
,"/Users/josepheisele/Documents/Coding/repos/prevue2/src/components/HomeQueue.vue": {"path":"/Users/josepheisele/Documents/Coding/repos/prevue2/src/components/HomeQueue.vue","statementMap":{"0":{"start":{"line":20,"column":0},"end":{"line":20,"column":null}},"1":{"start":{"line":21,"column":0},"end":{"line":21,"column":null}},"2":{"start":{"line":22,"column":0},"end":{"line":22,"column":null}},"3":{"start":{"line":39,"column":0},"end":{"line":39,"column":null}},"4":{"start":{"line":40,"column":0},"end":{"line":40,"column":null}},"5":{"start":{"line":43,"column":0},"end":{"line":43,"column":null}},"6":{"start":{"line":49,"column":0},"end":{"line":49,"column":null}}},"fnMap":{"0":{"name":"get","decl":{"start":{"line":38,"column":0},"end":{"line":38,"column":null}},"loc":{"start":{"line":38,"column":0},"end":{"line":41,"column":null}}},"1":{"name":"set","decl":{"start":{"line":42,"column":0},"end":{"line":42,"column":null}},"loc":{"start":{"line":42,"column":0},"end":{"line":44,"column":null}}},"2":{"name":"deleteElement","decl":{"start":{"line":48,"column":0},"end":{"line":48,"column":null}},"loc":{"start":{"line":48,"column":0},"end":{"line":51,"column":null}}}},"branchMap":{"0":{"loc":{"start":{"line":39,"column":0},"end":{"line":39,"column":null}},"type":"if","locations":[{"start":{"line":39,"column":0},"end":{"line":39,"column":null}},{"start":{"line":39,"column":0},"end":{"line":39,"column":null}}]},"1":{"loc":{"start":{"line":49,"column":0},"end":{"line":49,"column":null}},"type":"if","locations":[{"start":{"line":49,"column":0},"end":{"line":49,"column":null}},{"start":{"line":49,"column":0},"end":{"line":49,"column":null}}]}},"s":{"0":0,"1":0,"2":0,"3":0,"4":0,"5":0,"6":0},"f":{"0":0,"1":0,"2":0},"b":{"0":[0,0],"1":[0,0]}}
,"/Users/josepheisele/Documents/Coding/repos/prevue2/src/components/HomeSideDropDown.vue": {"path":"/Users/josepheisele/Documents/Coding/repos/prevue2/src/components/HomeSideDropDown.vue","statementMap":{"0":{"start":{"line":37,"column":0},"end":{"line":37,"column":null}},"1":{"start":{"line":38,"column":0},"end":{"line":38,"column":null}},"2":{"start":{"line":39,"column":0},"end":{"line":39,"column":null}}},"fnMap":{},"branchMap":{},"s":{"0":0,"1":0,"2":0},"f":{},"b":{}}
,"/Users/josepheisele/Documents/Coding/repos/prevue2/src/components/Icons.vue": {"path":"/Users/josepheisele/Documents/Coding/repos/prevue2/src/components/Icons.vue","statementMap":{"0":{"start":{"line":16,"column":0},"end":{"line":16,"column":null}},"1":{"start":{"line":25,"column":0},"end":{"line":25,"column":null}}},"fnMap":{"0":{"name":"changeState","decl":{"start":{"line":24,"column":0},"end":{"line":24,"column":null}},"loc":{"start":{"line":24,"column":0},"end":{"line":27,"column":null}}}},"branchMap":{"0":{"loc":{"start":{"line":25,"column":0},"end":{"line":25,"column":null}},"type":"if","locations":[{"start":{"line":25,"column":0},"end":{"line":25,"column":null}},{"start":{"line":25,"column":0},"end":{"line":25,"column":null}}]}},"s":{"0":0,"1":0},"f":{"0":0},"b":{"0":[0,0]}}
,"/Users/josepheisele/Documents/Coding/repos/prevue2/src/components/ParentMultiselect.vue": {"path":"/Users/josepheisele/Documents/Coding/repos/prevue2/src/components/ParentMultiselect.vue","statementMap":{"0":{"start":{"line":18,"column":0},"end":{"line":18,"column":null}},"1":{"start":{"line":19,"column":0},"end":{"line":19,"column":null}},"2":{"start":{"line":35,"column":0},"end":{"line":35,"column":null}},"3":{"start":{"line":45,"column":0},"end":{"line":45,"column":null}},"4":{"start":{"line":47,"column":0},"end":{"line":47,"column":null}}},"fnMap":{"0":{"name":"options","decl":{"start":{"line":34,"column":0},"end":{"line":34,"column":null}},"loc":{"start":{"line":34,"column":0},"end":{"line":36,"column":null}}},"1":{"name":"(anonymous_2)","decl":{"start":{"line":35,"column":0},"end":{"line":35,"column":null}},"loc":{"start":{"line":35,"column":0},"end":{"line":35,"column":null}}},"2":{"name":"handleSelect","decl":{"start":{"line":43,"column":0},"end":{"line":43,"column":null}},"loc":{"start":{"line":43,"column":0},"end":{"line":48,"column":null}}}},"branchMap":{},"s":{"0":0,"1":0,"2":0,"3":0,"4":0},"f":{"0":0,"1":0,"2":0},"b":{}}
,"/Users/josepheisele/Documents/Coding/repos/prevue2/src/components/RouteDisplay.vue": {"path":"/Users/josepheisele/Documents/Coding/repos/prevue2/src/components/RouteDisplay.vue","statementMap":{"0":{"start":{"line":21,"column":0},"end":{"line":21,"column":null}},"1":{"start":{"line":22,"column":0},"end":{"line":22,"column":null}},"2":{"start":{"line":33,"column":0},"end":{"line":33,"column":null}},"3":{"start":{"line":39,"column":0},"end":{"line":39,"column":null}},"4":{"start":{"line":40,"column":0},"end":{"line":45,"column":null}},"5":{"start":{"line":42,"column":0},"end":{"line":42,"column":null}},"6":{"start":{"line":45,"column":0},"end":{"line":45,"column":null}}},"fnMap":{"0":{"name":"data","decl":{"start":{"line":32,"column":0},"end":{"line":32,"column":null}},"loc":{"start":{"line":32,"column":0},"end":{"line":36,"column":null}}},"1":{"name":"handleEnterKeyPress","decl":{"start":{"line":39,"column":0},"end":{"line":39,"column":null}},"loc":{"start":{"line":39,"column":0},"end":{"line":46,"column":null}}},"2":{"name":"(anonymous_3)","decl":{"start":{"line":40,"column":0},"end":{"line":40,"column":null}},"loc":{"start":{"line":40,"column":0},"end":{"line":43,"column":null}}},"3":{"name":"(anonymous_4)","decl":{"start":{"line":43,"column":0},"end":{"line":43,"column":null}},"loc":{"start":{"line":43,"column":0},"end":{"line":45,"column":null}}}},"branchMap":{},"s":{"0":0,"1":0,"2":0,"3":0,"4":0,"5":0,"6":0},"f":{"0":0,"1":0,"2":0,"3":0},"b":{}}
,"/Users/josepheisele/Documents/Coding/repos/prevue2/src/components/Routes.vue": {"path":"/Users/josepheisele/Documents/Coding/repos/prevue2/src/components/Routes.vue","statementMap":{"0":{"start":{"line":22,"column":0},"end":{"line":22,"column":null}},"1":{"start":{"line":32,"column":0},"end":{"line":32,"column":null}},"2":{"start":{"line":35,"column":0},"end":{"line":35,"column":null}},"3":{"start":{"line":36,"column":0},"end":{"line":36,"column":null}}},"fnMap":{"0":{"name":"handleClick","decl":{"start":{"line":31,"column":0},"end":{"line":31,"column":null}},"loc":{"start":{"line":31,"column":0},"end":{"line":33,"column":null}}},"1":{"name":"deleteSelectedRoute","decl":{"start":{"line":34,"column":0},"end":{"line":34,"column":null}},"loc":{"start":{"line":34,"column":0},"end":{"line":37,"column":null}}}},"branchMap":{},"s":{"0":0,"1":0,"2":0,"3":0},"f":{"0":0,"1":0},"b":{}}
,"/Users/josepheisele/Documents/Coding/repos/prevue2/src/components/Tree.vue": {"path":"/Users/josepheisele/Documents/Coding/repos/prevue2/src/components/Tree.vue","statementMap":{"0":{"start":{"line":15,"column":0},"end":{"line":15,"column":null}},"1":{"start":{"line":16,"column":0},"end":{"line":16,"column":null}},"2":{"start":{"line":25,"column":0},"end":{"line":25,"column":null}},"3":{"start":{"line":29,"column":0},"end":{"line":29,"column":null}},"4":{"start":{"line":35,"column":0},"end":{"line":35,"column":null}},"5":{"start":{"line":36,"column":0},"end":{"line":36,"column":null}},"6":{"start":{"line":37,"column":0},"end":{"line":42,"column":null}},"7":{"start":{"line":38,"column":0},"end":{"line":38,"column":null}},"8":{"start":{"line":43,"column":0},"end":{"line":43,"column":null}},"9":{"start":{"line":46,"column":0},"end":{"line":46,"column":null}},"10":{"start":{"line":47,"column":0},"end":{"line":47,"column":null}},"11":{"start":{"line":48,"column":0},"end":{"line":48,"column":null}},"12":{"start":{"line":50,"column":0},"end":{"line":59,"column":null}},"13":{"start":{"line":51,"column":0},"end":{"line":54,"column":null}},"14":{"start":{"line":52,"column":0},"end":{"line":52,"column":null}},"15":{"start":{"line":53,"column":0},"end":{"line":53,"column":null}},"16":{"start":{"line":55,"column":0},"end":{"line":58,"column":null}},"17":{"start":{"line":56,"column":0},"end":{"line":56,"column":null}},"18":{"start":{"line":57,"column":0},"end":{"line":57,"column":null}},"19":{"start":{"line":60,"column":0},"end":{"line":60,"column":null}},"20":{"start":{"line":63,"column":0},"end":{"line":63,"column":null}},"21":{"start":{"line":64,"column":0},"end":{"line":64,"column":null}}},"fnMap":{"0":{"name":"computedTree","decl":{"start":{"line":24,"column":0},"end":{"line":24,"column":null}},"loc":{"start":{"line":24,"column":0},"end":{"line":26,"column":null}}},"1":{"name":"data","decl":{"start":{"line":28,"column":0},"end":{"line":28,"column":null}},"loc":{"start":{"line":28,"column":0},"end":{"line":32,"column":null}}},"2":{"name":"formatComponentMap","decl":{"start":{"line":34,"column":0},"end":{"line":34,"column":null}},"loc":{"start":{"line":34,"column":0},"end":{"line":44,"column":null}}},"3":{"name":"(anonymous_4)","decl":{"start":{"line":37,"column":0},"end":{"line":37,"column":null}},"loc":{"start":{"line":37,"column":0},"end":{"line":42,"column":null}}},"4":{"name":"transformToTree","decl":{"start":{"line":45,"column":0},"end":{"line":45,"column":null}},"loc":{"start":{"line":45,"column":0},"end":{"line":61,"column":null}}},"5":{"name":"(anonymous_6)","decl":{"start":{"line":50,"column":0},"end":{"line":50,"column":null}},"loc":{"start":{"line":50,"column":0},"end":{"line":59,"column":null}}},"6":{"name":"(anonymous_7)","decl":{"start":{"line":55,"column":0},"end":{"line":55,"column":null}},"loc":{"start":{"line":55,"column":0},"end":{"line":58,"column":null}}},"7":{"name":"buildTree","decl":{"start":{"line":62,"column":0},"end":{"line":62,"column":null}},"loc":{"start":{"line":62,"column":0},"end":{"line":65,"column":null}}}},"branchMap":{"0":{"loc":{"start":{"line":51,"column":0},"end":{"line":54,"column":null}},"type":"if","locations":[{"start":{"line":51,"column":0},"end":{"line":54,"column":null}},{"start":{"line":51,"column":0},"end":{"line":54,"column":null}}]}},"s":{"0":0,"1":0,"2":0,"3":0,"4":0,"5":0,"6":0,"7":0,"8":0,"9":0,"10":0,"11":0,"12":0,"13":0,"14":0,"15":0,"16":0,"17":0,"18":0,"19":0,"20":0,"21":0},"f":{"0":0,"1":0,"2":0,"3":0,"4":0,"5":0,"6":0,"7":0},"b":{"0":[0,0]}}
,"/Users/josepheisele/Documents/Coding/repos/prevue2/src/components/HomeSideDropDownItems/ComponentList.vue": {"path":"/Users/josepheisele/Documents/Coding/repos/prevue2/src/components/HomeSideDropDownItems/ComponentList.vue","statementMap":{"0":{"start":{"line":31,"column":0},"end":{"line":31,"column":null}},"1":{"start":{"line":37,"column":0},"end":{"line":37,"column":null}},"2":{"start":{"line":38,"column":0},"end":{"line":38,"column":null}},"3":{"start":{"line":40,"column":0},"end":{"line":40,"column":null}},"4":{"start":{"line":41,"column":0},"end":{"line":43,"column":null}},"5":{"start":{"line":42,"column":0},"end":{"line":42,"column":null}},"6":{"start":{"line":49,"column":0},"end":{"line":49,"column":null}},"7":{"start":{"line":50,"column":0},"end":{"line":50,"column":null}},"8":{"start":{"line":53,"column":0},"end":{"line":53,"column":null}},"9":{"start":{"line":54,"column":0},"end":{"line":54,"column":null}}},"fnMap":{"0":{"name":"activeRouteDisplay","decl":{"start":{"line":36,"column":0},"end":{"line":36,"column":null}},"loc":{"start":{"line":36,"column":0},"end":{"line":39,"column":null}}},"1":{"name":"activeComponentData","decl":{"start":{"line":40,"column":0},"end":{"line":40,"column":null}},"loc":{"start":{"line":40,"column":0},"end":{"line":44,"column":null}}},"2":{"name":"(anonymous_3)","decl":{"start":{"line":41,"column":0},"end":{"line":41,"column":null}},"loc":{"start":{"line":41,"column":0},"end":{"line":43,"column":null}}},"3":{"name":"onActivated","decl":{"start":{"line":48,"column":0},"end":{"line":48,"column":null}},"loc":{"start":{"line":48,"column":0},"end":{"line":51,"column":null}}},"4":{"name":"handleClick","decl":{"start":{"line":52,"column":0},"end":{"line":52,"column":null}},"loc":{"start":{"line":52,"column":0},"end":{"line":55,"column":null}}}},"branchMap":{},"s":{"0":0,"1":0,"2":0,"3":0,"4":0,"5":0,"6":0,"7":0,"8":0,"9":0},"f":{"0":0,"1":0,"2":0,"3":0,"4":0},"b":{}}
,"/Users/josepheisele/Documents/Coding/repos/prevue2/src/layouts/MyLayout.vue": {"path":"/Users/josepheisele/Documents/Coding/repos/prevue2/src/layouts/MyLayout.vue","statementMap":{"0":{"start":{"line":35,"column":0},"end":{"line":35,"column":null}},"1":{"start":{"line":36,"column":0},"end":{"line":36,"column":null}},"2":{"start":{"line":37,"column":0},"end":{"line":37,"column":null}},"3":{"start":{"line":38,"column":0},"end":{"line":38,"column":null}},"4":{"start":{"line":39,"column":0},"end":{"line":39,"column":null}},"5":{"start":{"line":40,"column":0},"end":{"line":40,"column":null}},"6":{"start":{"line":45,"column":0},"end":{"line":45,"column":null}}},"fnMap":{"0":{"name":"data","decl":{"start":{"line":44,"column":0},"end":{"line":44,"column":null}},"loc":{"start":{"line":44,"column":0},"end":{"line":49,"column":null}}}},"branchMap":{},"s":{"0":0,"1":0,"2":0,"3":0,"4":0,"5":0,"6":0},"f":{"0":0},"b":{}}
,"/Users/josepheisele/Documents/Coding/repos/prevue2/src/pages/Index.vue": {"path":"/Users/josepheisele/Documents/Coding/repos/prevue2/src/pages/Index.vue","statementMap":{"0":{"start":{"line":12,"column":0},"end":{"line":12,"column":null}}},"fnMap":{},"branchMap":{},"s":{"0":0},"f":{},"b":{}}
,"/Users/josepheisele/Documents/Coding/repos/prevue2/src/router/index.js": {"path":"/Users/josepheisele/Documents/Coding/repos/prevue2/src/router/index.js","statementMap":{"0":{"start":{"line":6,"column":0},"end":{"line":6,"column":18}},"1":{"start":{"line":14,"column":17},"end":{"line":23,"column":4}},"2":{"start":{"line":15,"column":27},"end":{"line":15,"column":41}},"3":{"start":{"line":25,"column":2},"end":{"line":25,"column":15}}},"fnMap":{"0":{"name":"(anonymous_0)","decl":{"start":{"line":13,"column":15},"end":{"line":13,"column":16}},"loc":{"start":{"line":13,"column":54},"end":{"line":26,"column":1}},"line":13},"1":{"name":"(anonymous_1)","decl":{"start":{"line":15,"column":20},"end":{"line":15,"column":21}},"loc":{"start":{"line":15,"column":27},"end":{"line":15,"column":41}},"line":15}},"branchMap":{},"s":{"0":0,"1":0,"2":0,"3":0},"f":{"0":0,"1":0},"b":{},"hash":"8cbae1c82bcb5a5c5ec543fbc4539a23e661a6f5"}
,"/Users/josepheisele/Documents/Coding/repos/prevue2/src/router/routes.js": {"path":"/Users/josepheisele/Documents/Coding/repos/prevue2/src/router/routes.js","statementMap":{"0":{"start":{"line":2,"column":15},"end":{"line":17,"column":1}},"1":{"start":{"line":5,"column":21},"end":{"line":5,"column":51}},"2":{"start":{"line":7,"column":35},"end":{"line":7,"column":60}},"3":{"start":{"line":12,"column":21},"end":{"line":12,"column":51}},"4":{"start":{"line":14,"column":35},"end":{"line":14,"column":60}},"5":{"start":{"line":20,"column":0},"end":{"line":25,"column":1}},"6":{"start":{"line":21,"column":2},"end":{"line":24,"column":4}},"7":{"start":{"line":23,"column":21},"end":{"line":23,"column":49}}},"fnMap":{"0":{"name":"(anonymous_0)","decl":{"start":{"line":5,"column":15},"end":{"line":5,"column":16}},"loc":{"start":{"line":5,"column":21},"end":{"line":5,"column":51}},"line":5},"1":{"name":"(anonymous_1)","decl":{"start":{"line":7,"column":29},"end":{"line":7,"column":30}},"loc":{"start":{"line":7,"column":35},"end":{"line":7,"column":60}},"line":7},"2":{"name":"(anonymous_2)","decl":{"start":{"line":12,"column":15},"end":{"line":12,"column":16}},"loc":{"start":{"line":12,"column":21},"end":{"line":12,"column":51}},"line":12},"3":{"name":"(anonymous_3)","decl":{"start":{"line":14,"column":29},"end":{"line":14,"column":30}},"loc":{"start":{"line":14,"column":35},"end":{"line":14,"column":60}},"line":14},"4":{"name":"(anonymous_4)","decl":{"start":{"line":23,"column":15},"end":{"line":23,"column":16}},"loc":{"start":{"line":23,"column":21},"end":{"line":23,"column":49}},"line":23}},"branchMap":{"0":{"loc":{"start":{"line":20,"column":0},"end":{"line":25,"column":1}},"type":"if","locations":[{"start":{"line":20,"column":0},"end":{"line":25,"column":1}},{"start":{"line":20,"column":0},"end":{"line":25,"column":1}}],"line":20}},"s":{"0":0,"1":0,"2":0,"3":0,"4":0,"5":0,"6":0,"7":0},"f":{"0":0,"1":0,"2":0,"3":0,"4":0},"b":{"0":[0,0]},"hash":"f3e65ccf4924d1059f942ce3efee30f2142935b5"}
,"/Users/josepheisele/Documents/Coding/repos/prevue2/src/store/actions.js": {"path":"/Users/josepheisele/Documents/Coding/repos/prevue2/src/store/actions.js","statementMap":{"0":{"start":{"line":3,"column":16},"end":{"line":126,"column":1}},"1":{"start":{"line":6,"column":30},"end":{"line":6,"column":37}},"2":{"start":{"line":7,"column":4},"end":{"line":33,"column":5}},"3":{"start":{"line":8,"column":6},"end":{"line":8,"column":59}},"4":{"start":{"line":9,"column":6},"end":{"line":14,"column":7}},"5":{"start":{"line":10,"column":8},"end":{"line":13,"column":9}},"6":{"start":{"line":16,"column":6},"end":{"line":16,"column":71}},"7":{"start":{"line":18,"column":22},"end":{"line":18,"column":51}},"8":{"start":{"line":19,"column":18},"end":{"line":21,"column":8}},"9":{"start":{"line":20,"column":8},"end":{"line":20,"column":44}},"10":{"start":{"line":23,"column":6},"end":{"line":25,"column":7}},"11":{"start":{"line":24,"column":8},"end":{"line":24,"column":140}},"12":{"start":{"line":27,"column":6},"end":{"line":27,"column":73}},"13":{"start":{"line":28,"column":6},"end":{"line":28,"column":67}},"14":{"start":{"line":29,"column":6},"end":{"line":29,"column":57}},"15":{"start":{"line":30,"column":6},"end":{"line":30,"column":49}},"16":{"start":{"line":31,"column":6},"end":{"line":31,"column":44}},"17":{"start":{"line":32,"column":6},"end":{"line":32,"column":42}},"18":{"start":{"line":37,"column":4},"end":{"line":39,"column":5}},"19":{"start":{"line":38,"column":6},"end":{"line":38,"column":54}},"20":{"start":{"line":43,"column":4},"end":{"line":43,"column":55}},"21":{"start":{"line":46,"column":4},"end":{"line":46,"column":53}},"22":{"start":{"line":52,"column":4},"end":{"line":52,"column":51}},"23":{"start":{"line":55,"column":4},"end":{"line":55,"column":41}},"24":{"start":{"line":56,"column":27},"end":{"line":56,"column":63}},"25":{"start":{"line":57,"column":30},"end":{"line":59,"column":6}},"26":{"start":{"line":58,"column":6},"end":{"line":58,"column":66}},"27":{"start":{"line":60,"column":4},"end":{"line":60,"column":61}},"28":{"start":{"line":61,"column":4},"end":{"line":61,"column":42}},"29":{"start":{"line":64,"column":4},"end":{"line":64,"column":50}},"30":{"start":{"line":67,"column":4},"end":{"line":67,"column":36}},"31":{"start":{"line":70,"column":4},"end":{"line":70,"column":38}},"32":{"start":{"line":73,"column":4},"end":{"line":73,"column":58}},"33":{"start":{"line":76,"column":4},"end":{"line":76,"column":44}},"34":{"start":{"line":79,"column":4},"end":{"line":79,"column":44}},"35":{"start":{"line":82,"column":4},"end":{"line":82,"column":36}},"36":{"start":{"line":83,"column":4},"end":{"line":83,"column":43}},"37":{"start":{"line":84,"column":16},"end":{"line":84,"column":33}},"38":{"start":{"line":85,"column":19},"end":{"line":85,"column":21}},"39":{"start":{"line":86,"column":4},"end":{"line":86,"column":65}},"40":{"start":{"line":87,"column":20},"end":{"line":87,"column":25}},"41":{"start":{"line":88,"column":16},"end":{"line":88,"column":67}},"42":{"start":{"line":89,"column":4},"end":{"line":89,"column":75}},"43":{"start":{"line":92,"column":4},"end":{"line":92,"column":43}},"44":{"start":{"line":95,"column":4},"end":{"line":95,"column":47}},"45":{"start":{"line":98,"column":4},"end":{"line":98,"column":37}},"46":{"start":{"line":101,"column":4},"end":{"line":101,"column":45}},"47":{"start":{"line":104,"column":4},"end":{"line":104,"column":70}},"48":{"start":{"line":107,"column":4},"end":{"line":107,"column":35}},"49":{"start":{"line":108,"column":4},"end":{"line":108,"column":65}},"50":{"start":{"line":111,"column":4},"end":{"line":111,"column":60}},"51":{"start":{"line":114,"column":4},"end":{"line":114,"column":44}},"52":{"start":{"line":117,"column":4},"end":{"line":117,"column":42}},"53":{"start":{"line":120,"column":4},"end":{"line":120,"column":39}},"54":{"start":{"line":123,"column":4},"end":{"line":123,"column":47}},"55":{"start":{"line":124,"column":4},"end":{"line":124,"column":43}}},"fnMap":{"0":{"name":"(anonymous_0)","decl":{"start":{"line":5,"column":29},"end":{"line":5,"column":30}},"loc":{"start":{"line":5,"column":61},"end":{"line":34,"column":3}},"line":5},"1":{"name":"(anonymous_1)","decl":{"start":{"line":19,"column":62},"end":{"line":19,"column":63}},"loc":{"start":{"line":19,"column":75},"end":{"line":21,"column":7}},"line":19},"2":{"name":"(anonymous_2)","decl":{"start":{"line":36,"column":34},"end":{"line":36,"column":35}},"loc":{"start":{"line":36,"column":59},"end":{"line":40,"column":3}},"line":36},"3":{"name":"(anonymous_3)","decl":{"start":{"line":42,"column":36},"end":{"line":42,"column":37}},"loc":{"start":{"line":42,"column":61},"end":{"line":44,"column":3}},"line":42},"4":{"name":"(anonymous_4)","decl":{"start":{"line":45,"column":37},"end":{"line":45,"column":38}},"loc":{"start":{"line":45,"column":62},"end":{"line":47,"column":3}},"line":45},"5":{"name":"(anonymous_5)","decl":{"start":{"line":51,"column":33},"end":{"line":51,"column":34}},"loc":{"start":{"line":51,"column":58},"end":{"line":53,"column":3}},"line":51},"6":{"name":"(anonymous_6)","decl":{"start":{"line":54,"column":33},"end":{"line":54,"column":34}},"loc":{"start":{"line":54,"column":56},"end":{"line":62,"column":3}},"line":54},"7":{"name":"(anonymous_7)","decl":{"start":{"line":57,"column":54},"end":{"line":57,"column":55}},"loc":{"start":{"line":57,"column":71},"end":{"line":59,"column":5}},"line":57},"8":{"name":"(anonymous_8)","decl":{"start":{"line":63,"column":33},"end":{"line":63,"column":34}},"loc":{"start":{"line":63,"column":58},"end":{"line":65,"column":3}},"line":63},"9":{"name":"(anonymous_9)","decl":{"start":{"line":66,"column":20},"end":{"line":66,"column":21}},"loc":{"start":{"line":66,"column":45},"end":{"line":68,"column":3}},"line":66},"10":{"name":"(anonymous_10)","decl":{"start":{"line":69,"column":22},"end":{"line":69,"column":23}},"loc":{"start":{"line":69,"column":47},"end":{"line":71,"column":3}},"line":69},"11":{"name":"(anonymous_11)","decl":{"start":{"line":72,"column":39},"end":{"line":72,"column":40}},"loc":{"start":{"line":72,"column":64},"end":{"line":74,"column":3}},"line":72},"12":{"name":"(anonymous_12)","decl":{"start":{"line":75,"column":27},"end":{"line":75,"column":28}},"loc":{"start":{"line":75,"column":52},"end":{"line":77,"column":3}},"line":75},"13":{"name":"(anonymous_13)","decl":{"start":{"line":78,"column":27},"end":{"line":78,"column":28}},"loc":{"start":{"line":78,"column":52},"end":{"line":80,"column":3}},"line":78},"14":{"name":"(anonymous_14)","decl":{"start":{"line":81,"column":30},"end":{"line":81,"column":31}},"loc":{"start":{"line":81,"column":62},"end":{"line":90,"column":3}},"line":81},"15":{"name":"(anonymous_15)","decl":{"start":{"line":91,"column":26},"end":{"line":91,"column":27}},"loc":{"start":{"line":91,"column":51},"end":{"line":93,"column":3}},"line":91},"16":{"name":"(anonymous_16)","decl":{"start":{"line":94,"column":30},"end":{"line":94,"column":31}},"loc":{"start":{"line":94,"column":55},"end":{"line":96,"column":3}},"line":94},"17":{"name":"(anonymous_17)","decl":{"start":{"line":97,"column":21},"end":{"line":97,"column":22}},"loc":{"start":{"line":97,"column":46},"end":{"line":99,"column":3}},"line":97},"18":{"name":"(anonymous_18)","decl":{"start":{"line":100,"column":28},"end":{"line":100,"column":29}},"loc":{"start":{"line":100,"column":53},"end":{"line":102,"column":3}},"line":100},"19":{"name":"(anonymous_19)","decl":{"start":{"line":103,"column":51},"end":{"line":103,"column":52}},"loc":{"start":{"line":103,"column":76},"end":{"line":105,"column":3}},"line":103},"20":{"name":"(anonymous_20)","decl":{"start":{"line":106,"column":46},"end":{"line":106,"column":47}},"loc":{"start":{"line":106,"column":71},"end":{"line":109,"column":3}},"line":106},"21":{"name":"(anonymous_21)","decl":{"start":{"line":110,"column":41},"end":{"line":110,"column":42}},"loc":{"start":{"line":110,"column":66},"end":{"line":112,"column":3}},"line":110},"22":{"name":"(anonymous_22)","decl":{"start":{"line":113,"column":27},"end":{"line":113,"column":28}},"loc":{"start":{"line":113,"column":52},"end":{"line":115,"column":3}},"line":113},"23":{"name":"(anonymous_23)","decl":{"start":{"line":116,"column":26},"end":{"line":116,"column":27}},"loc":{"start":{"line":116,"column":51},"end":{"line":118,"column":3}},"line":116},"24":{"name":"(anonymous_24)","decl":{"start":{"line":119,"column":23},"end":{"line":119,"column":24}},"loc":{"start":{"line":119,"column":55},"end":{"line":121,"column":3}},"line":119},"25":{"name":"(anonymous_25)","decl":{"start":{"line":122,"column":27},"end":{"line":122,"column":28}},"loc":{"start":{"line":122,"column":58},"end":{"line":125,"column":3}},"line":122}},"branchMap":{"0":{"loc":{"start":{"line":7,"column":4},"end":{"line":33,"column":5}},"type":"if","locations":[{"start":{"line":7,"column":4},"end":{"line":33,"column":5}},{"start":{"line":7,"column":4},"end":{"line":33,"column":5}}],"line":7},"1":{"loc":{"start":{"line":9,"column":6},"end":{"line":14,"column":7}},"type":"if","locations":[{"start":{"line":9,"column":6},"end":{"line":14,"column":7}},{"start":{"line":9,"column":6},"end":{"line":14,"column":7}}],"line":9},"2":{"loc":{"start":{"line":23,"column":6},"end":{"line":25,"column":7}},"type":"if","locations":[{"start":{"line":23,"column":6},"end":{"line":25,"column":7}},{"start":{"line":23,"column":6},"end":{"line":25,"column":7}}],"line":23},"3":{"loc":{"start":{"line":37,"column":4},"end":{"line":39,"column":5}},"type":"if","locations":[{"start":{"line":37,"column":4},"end":{"line":39,"column":5}},{"start":{"line":37,"column":4},"end":{"line":39,"column":5}}],"line":37}},"s":{"0":0,"1":0,"2":0,"3":0,"4":0,"5":0,"6":0,"7":0,"8":0,"9":0,"10":0,"11":0,"12":0,"13":0,"14":0,"15":0,"16":0,"17":0,"18":0,"19":0,"20":0,"21":0,"22":0,"23":0,"24":0,"25":0,"26":0,"27":0,"28":0,"29":0,"30":0,"31":0,"32":0,"33":0,"34":0,"35":0,"36":0,"37":0,"38":0,"39":0,"40":0,"41":0,"42":0,"43":0,"44":0,"45":0,"46":0,"47":0,"48":0,"49":0,"50":0,"51":0,"52":0,"53":0,"54":0,"55":0},"f":{"0":0,"1":0,"2":0,"3":0,"4":0,"5":0,"6":0,"7":0,"8":0,"9":0,"10":0,"11":0,"12":0,"13":0,"14":0,"15":0,"16":0,"17":0,"18":0,"19":0,"20":0,"21":0,"22":0,"23":0,"24":0,"25":0},"b":{"0":[0,0],"1":[0,0],"2":[0,0],"3":[0,0]},"hash":"a4102bacd0ba0523169c28c04e144f3f3f69560c"}
,"/Users/josepheisele/Documents/Coding/repos/prevue2/src/store/index.js": {"path":"/Users/josepheisele/Documents/Coding/repos/prevue2/src/store/index.js","statementMap":{"0":{"start":{"line":8,"column":0},"end":{"line":8,"column":13}}},"fnMap":{},"branchMap":{},"s":{"0":0},"f":{},"b":{},"hash":"91e08417f67822f2c6dccbfb1279ab5cd002f5e8"}
,"/Users/josepheisele/Documents/Coding/repos/prevue2/src/store/mutations.js": {"path":"/Users/josepheisele/Documents/Coding/repos/prevue2/src/store/mutations.js","statementMap":{"0":{"start":{"line":5,"column":18},"end":{"line":203,"column":1}},"1":{"start":{"line":8,"column":60},"end":{"line":8,"column":67}},"2":{"start":{"line":9,"column":4},"end":{"line":21,"column":5}},"3":{"start":{"line":26,"column":4},"end":{"line":26,"column":67}},"4":{"start":{"line":31,"column":4},"end":{"line":31,"column":39}},"5":{"start":{"line":34,"column":26},"end":{"line":34,"column":47}},"6":{"start":{"line":35,"column":4},"end":{"line":38,"column":6}},"7":{"start":{"line":41,"column":26},"end":{"line":41,"column":47}},"8":{"start":{"line":42,"column":21},"end":{"line":42,"column":63}},"9":{"start":{"line":45,"column":6},"end":{"line":52,"column":8}},"10":{"start":{"line":46,"column":8},"end":{"line":48,"column":9}},"11":{"start":{"line":47,"column":10},"end":{"line":47,"column":42}},"12":{"start":{"line":50,"column":8},"end":{"line":50,"column":31}},"13":{"start":{"line":54,"column":19},"end":{"line":54,"column":36}},"14":{"start":{"line":55,"column":6},"end":{"line":55,"column":57}},"15":{"start":{"line":57,"column":4},"end":{"line":57,"column":28}},"16":{"start":{"line":60,"column":26},"end":{"line":60,"column":47}},"17":{"start":{"line":61,"column":4},"end":{"line":61,"column":56}},"18":{"start":{"line":65,"column":46},"end":{"line":65,"column":51}},"19":{"start":{"line":67,"column":17},"end":{"line":67,"column":48}},"20":{"start":{"line":69,"column":4},"end":{"line":69,"column":34}},"21":{"start":{"line":71,"column":4},"end":{"line":76,"column":5}},"22":{"start":{"line":72,"column":21},"end":{"line":72,"column":45}},"23":{"start":{"line":73,"column":6},"end":{"line":75,"column":8}},"24":{"start":{"line":74,"column":8},"end":{"line":74,"column":64}},"25":{"start":{"line":74,"column":39},"end":{"line":74,"column":64}},"26":{"start":{"line":77,"column":4},"end":{"line":77,"column":31}},"27":{"start":{"line":80,"column":4},"end":{"line":80,"column":24}},"28":{"start":{"line":81,"column":4},"end":{"line":81,"column":32}},"29":{"start":{"line":85,"column":4},"end":{"line":85,"column":48}},"30":{"start":{"line":88,"column":4},"end":{"line":88,"column":32}},"31":{"start":{"line":89,"column":4},"end":{"line":89,"column":24}},"32":{"start":{"line":90,"column":4},"end":{"line":90,"column":33}},"33":{"start":{"line":93,"column":4},"end":{"line":93,"column":36}},"34":{"start":{"line":94,"column":4},"end":{"line":94,"column":32}},"35":{"start":{"line":95,"column":4},"end":{"line":95,"column":25}},"36":{"start":{"line":98,"column":4},"end":{"line":98,"column":29}},"37":{"start":{"line":102,"column":4},"end":{"line":105,"column":5}},"38":{"start":{"line":106,"column":4},"end":{"line":106,"column":48}},"39":{"start":{"line":110,"column":32},"end":{"line":110,"column":39}},"40":{"start":{"line":111,"column":4},"end":{"line":117,"column":5}},"41":{"start":{"line":121,"column":4},"end":{"line":121,"column":31}},"42":{"start":{"line":125,"column":4},"end":{"line":125,"column":49}},"43":{"start":{"line":129,"column":4},"end":{"line":129,"column":35}},"44":{"start":{"line":132,"column":4},"end":{"line":132,"column":45}},"45":{"start":{"line":133,"column":4},"end":{"line":133,"column":45}},"46":{"start":{"line":137,"column":4},"end":{"line":137,"column":45}},"47":{"start":{"line":141,"column":4},"end":{"line":141,"column":64}},"48":{"start":{"line":144,"column":4},"end":{"line":144,"column":37}},"49":{"start":{"line":145,"column":4},"end":{"line":147,"column":6}},"50":{"start":{"line":146,"column":6},"end":{"line":146,"column":18}},"51":{"start":{"line":148,"column":4},"end":{"line":148,"column":41}},"52":{"start":{"line":155,"column":4},"end":{"line":155,"column":53}},"53":{"start":{"line":160,"column":33},"end":{"line":160,"column":40}},"54":{"start":{"line":161,"column":4},"end":{"line":161,"column":50}},"55":{"start":{"line":165,"column":4},"end":{"line":165,"column":64}},"56":{"start":{"line":166,"column":4},"end":{"line":166,"column":135}},"57":{"start":{"line":166,"column":113},"end":{"line":166,"column":134}},"58":{"start":{"line":170,"column":4},"end":{"line":170,"column":43}},"59":{"start":{"line":174,"column":33},"end":{"line":174,"column":40}},"60":{"start":{"line":175,"column":4},"end":{"line":175,"column":54}},"61":{"start":{"line":179,"column":4},"end":{"line":179,"column":29}},"62":{"start":{"line":182,"column":4},"end":{"line":182,"column":34}},"63":{"start":{"line":185,"column":22},"end":{"line":185,"column":27}},"64":{"start":{"line":186,"column":4},"end":{"line":186,"column":36}},"65":{"start":{"line":187,"column":4},"end":{"line":187,"column":42}},"66":{"start":{"line":188,"column":4},"end":{"line":188,"column":21}},"67":{"start":{"line":191,"column":22},"end":{"line":191,"column":27}},"68":{"start":{"line":192,"column":18},"end":{"line":192,"column":57}},"69":{"start":{"line":193,"column":4},"end":{"line":197,"column":5}},"70":{"start":{"line":193,"column":17},"end":{"line":193,"column":18}},"71":{"start":{"line":194,"column":6},"end":{"line":196,"column":7}},"72":{"start":{"line":195,"column":8},"end":{"line":195,"column":27}},"73":{"start":{"line":198,"column":4},"end":{"line":198,"column":52}},"74":{"start":{"line":199,"column":4},"end":{"line":199,"column":45}},"75":{"start":{"line":200,"column":4},"end":{"line":200,"column":35}}},"fnMap":{"0":{"name":"(anonymous_0)","decl":{"start":{"line":7,"column":42},"end":{"line":7,"column":43}},"loc":{"start":{"line":7,"column":62},"end":{"line":22,"column":3}},"line":7},"1":{"name":"(anonymous_1)","decl":{"start":{"line":25,"column":40},"end":{"line":25,"column":41}},"loc":{"start":{"line":25,"column":60},"end":{"line":27,"column":3}},"line":25},"2":{"name":"(anonymous_2)","decl":{"start":{"line":30,"column":37},"end":{"line":30,"column":38}},"loc":{"start":{"line":30,"column":57},"end":{"line":32,"column":3}},"line":30},"3":{"name":"(anonymous_3)","decl":{"start":{"line":33,"column":38},"end":{"line":33,"column":39}},"loc":{"start":{"line":33,"column":62},"end":{"line":39,"column":3}},"line":33},"4":{"name":"(anonymous_4)","decl":{"start":{"line":40,"column":43},"end":{"line":40,"column":44}},"loc":{"start":{"line":40,"column":59},"end":{"line":58,"column":3}},"line":40},"5":{"name":"parseAndDelete","decl":{"start":{"line":44,"column":13},"end":{"line":44,"column":27}},"loc":{"start":{"line":44,"column":39},"end":{"line":56,"column":5}},"line":44},"6":{"name":"(anonymous_6)","decl":{"start":{"line":45,"column":23},"end":{"line":45,"column":24}},"loc":{"start":{"line":45,"column":43},"end":{"line":52,"column":7}},"line":45},"7":{"name":"(anonymous_7)","decl":{"start":{"line":59,"column":36},"end":{"line":59,"column":37}},"loc":{"start":{"line":59,"column":56},"end":{"line":62,"column":3}},"line":59},"8":{"name":"(anonymous_8)","decl":{"start":{"line":64,"column":35},"end":{"line":64,"column":36}},"loc":{"start":{"line":64,"column":44},"end":{"line":78,"column":3}},"line":64},"9":{"name":"(anonymous_9)","decl":{"start":{"line":73,"column":23},"end":{"line":73,"column":24}},"loc":{"start":{"line":73,"column":41},"end":{"line":75,"column":7}},"line":73},"10":{"name":"(anonymous_10)","decl":{"start":{"line":79,"column":29},"end":{"line":79,"column":30}},"loc":{"start":{"line":79,"column":49},"end":{"line":82,"column":3}},"line":79},"11":{"name":"(anonymous_11)","decl":{"start":{"line":84,"column":35},"end":{"line":84,"column":36}},"loc":{"start":{"line":84,"column":55},"end":{"line":86,"column":3}},"line":84},"12":{"name":"(anonymous_12)","decl":{"start":{"line":87,"column":21},"end":{"line":87,"column":22}},"loc":{"start":{"line":87,"column":41},"end":{"line":91,"column":3}},"line":87},"13":{"name":"(anonymous_13)","decl":{"start":{"line":92,"column":23},"end":{"line":92,"column":24}},"loc":{"start":{"line":92,"column":43},"end":{"line":96,"column":3}},"line":92},"14":{"name":"(anonymous_14)","decl":{"start":{"line":97,"column":29},"end":{"line":97,"column":30}},"loc":{"start":{"line":97,"column":49},"end":{"line":99,"column":3}},"line":97},"15":{"name":"(anonymous_15)","decl":{"start":{"line":101,"column":21},"end":{"line":101,"column":22}},"loc":{"start":{"line":101,"column":41},"end":{"line":107,"column":3}},"line":101},"16":{"name":"(anonymous_16)","decl":{"start":{"line":109,"column":38},"end":{"line":109,"column":39}},"loc":{"start":{"line":109,"column":58},"end":{"line":118,"column":3}},"line":109},"17":{"name":"(anonymous_17)","decl":{"start":{"line":120,"column":28},"end":{"line":120,"column":29}},"loc":{"start":{"line":120,"column":48},"end":{"line":122,"column":3}},"line":120},"18":{"name":"(anonymous_18)","decl":{"start":{"line":124,"column":54},"end":{"line":124,"column":55}},"loc":{"start":{"line":124,"column":74},"end":{"line":126,"column":3}},"line":124},"19":{"name":"(anonymous_19)","decl":{"start":{"line":128,"column":32},"end":{"line":128,"column":33}},"loc":{"start":{"line":128,"column":52},"end":{"line":130,"column":3}},"line":128},"20":{"name":"(anonymous_20)","decl":{"start":{"line":131,"column":22},"end":{"line":131,"column":23}},"loc":{"start":{"line":131,"column":42},"end":{"line":134,"column":3}},"line":131},"21":{"name":"(anonymous_21)","decl":{"start":{"line":136,"column":34},"end":{"line":136,"column":35}},"loc":{"start":{"line":136,"column":54},"end":{"line":138,"column":3}},"line":136},"22":{"name":"(anonymous_22)","decl":{"start":{"line":140,"column":50},"end":{"line":140,"column":51}},"loc":{"start":{"line":140,"column":70},"end":{"line":142,"column":3}},"line":140},"23":{"name":"(anonymous_23)","decl":{"start":{"line":143,"column":30},"end":{"line":143,"column":31}},"loc":{"start":{"line":143,"column":50},"end":{"line":149,"column":3}},"line":143},"24":{"name":"(anonymous_24)","decl":{"start":{"line":145,"column":67},"end":{"line":145,"column":68}},"loc":{"start":{"line":145,"column":75},"end":{"line":147,"column":5}},"line":145},"25":{"name":"(anonymous_25)","decl":{"start":{"line":154,"column":55},"end":{"line":154,"column":56}},"loc":{"start":{"line":154,"column":75},"end":{"line":156,"column":3}},"line":154},"26":{"name":"(anonymous_26)","decl":{"start":{"line":159,"column":43},"end":{"line":159,"column":44}},"loc":{"start":{"line":159,"column":63},"end":{"line":162,"column":3}},"line":159},"27":{"name":"(anonymous_27)","decl":{"start":{"line":163,"column":50},"end":{"line":163,"column":51}},"loc":{"start":{"line":163,"column":70},"end":{"line":167,"column":3}},"line":163},"28":{"name":"(anonymous_28)","decl":{"start":{"line":166,"column":107},"end":{"line":166,"column":108}},"loc":{"start":{"line":166,"column":113},"end":{"line":166,"column":134}},"line":166},"29":{"name":"(anonymous_29)","decl":{"start":{"line":169,"column":45},"end":{"line":169,"column":46}},"loc":{"start":{"line":169,"column":65},"end":{"line":171,"column":3}},"line":169},"30":{"name":"(anonymous_30)","decl":{"start":{"line":173,"column":47},"end":{"line":173,"column":48}},"loc":{"start":{"line":173,"column":67},"end":{"line":176,"column":3}},"line":173},"31":{"name":"(anonymous_31)","decl":{"start":{"line":178,"column":29},"end":{"line":178,"column":30}},"loc":{"start":{"line":178,"column":49},"end":{"line":180,"column":3}},"line":178},"32":{"name":"(anonymous_32)","decl":{"start":{"line":181,"column":27},"end":{"line":181,"column":28}},"loc":{"start":{"line":181,"column":47},"end":{"line":183,"column":3}},"line":181},"33":{"name":"(anonymous_33)","decl":{"start":{"line":184,"column":24},"end":{"line":184,"column":25}},"loc":{"start":{"line":184,"column":44},"end":{"line":189,"column":3}},"line":184},"34":{"name":"(anonymous_34)","decl":{"start":{"line":190,"column":28},"end":{"line":190,"column":29}},"loc":{"start":{"line":190,"column":47},"end":{"line":202,"column":3}},"line":190}},"branchMap":{"0":{"loc":{"start":{"line":46,"column":8},"end":{"line":48,"column":9}},"type":"if","locations":[{"start":{"line":46,"column":8},"end":{"line":48,"column":9}},{"start":{"line":46,"column":8},"end":{"line":48,"column":9}}],"line":46},"1":{"loc":{"start":{"line":74,"column":8},"end":{"line":74,"column":64}},"type":"if","locations":[{"start":{"line":74,"column":8},"end":{"line":74,"column":64}},{"start":{"line":74,"column":8},"end":{"line":74,"column":64}}],"line":74},"2":{"loc":{"start":{"line":194,"column":6},"end":{"line":196,"column":7}},"type":"if","locations":[{"start":{"line":194,"column":6},"end":{"line":196,"column":7}},{"start":{"line":194,"column":6},"end":{"line":196,"column":7}}],"line":194}},"s":{"0":0,"1":0,"2":0,"3":0,"4":0,"5":0,"6":0,"7":0,"8":0,"9":0,"10":0,"11":0,"12":0,"13":0,"14":0,"15":0,"16":0,"17":0,"18":0,"19":0,"20":0,"21":0,"22":0,"23":0,"24":0,"25":0,"26":0,"27":0,"28":0,"29":0,"30":0,"31":0,"32":0,"33":0,"34":0,"35":0,"36":0,"37":0,"38":0,"39":0,"40":0,"41":0,"42":0,"43":0,"44":0,"45":0,"46":0,"47":0,"48":0,"49":0,"50":0,"51":0,"52":0,"53":0,"54":0,"55":0,"56":0,"57":0,"58":0,"59":0,"60":0,"61":0,"62":0,"63":0,"64":0,"65":0,"66":0,"67":0,"68":0,"69":0,"70":0,"71":0,"72":0,"73":0,"74":0,"75":0},"f":{"0":0,"1":0,"2":0,"3":0,"4":0,"5":0,"6":0,"7":0,"8":0,"9":0,"10":0,"11":0,"12":0,"13":0,"14":0,"15":0,"16":0,"17":0,"18":0,"19":0,"20":0,"21":0,"22":0,"23":0,"24":0,"25":0,"26":0,"27":0,"28":0,"29":0,"30":0,"31":0,"32":0,"33":0,"34":0},"b":{"0":[0,0],"1":[0,0],"2":[0,0]},"hash":"a986eca4c50006b8f9b303beaae4de06a5e8eb6a"}
,"/Users/josepheisele/Documents/Coding/repos/prevue2/src/store/types.js": {"path":"/Users/josepheisele/Documents/Coding/repos/prevue2/src/store/types.js","statementMap":{"0":{"start":{"line":2,"column":46},"end":{"line":2,"column":78}},"1":{"start":{"line":3,"column":41},"end":{"line":3,"column":68}},"2":{"start":{"line":4,"column":44},"end":{"line":4,"column":74}},"3":{"start":{"line":5,"column":42},"end":{"line":5,"column":70}},"4":{"start":{"line":6,"column":40},"end":{"line":6,"column":66}},"5":{"start":{"line":7,"column":39},"end":{"line":7,"column":64}},"6":{"start":{"line":8,"column":33},"end":{"line":8,"column":52}},"7":{"start":{"line":9,"column":33},"end":{"line":9,"column":52}},"8":{"start":{"line":10,"column":39},"end":{"line":10,"column":64}},"9":{"start":{"line":11,"column":25},"end":{"line":11,"column":36}},"10":{"start":{"line":12,"column":27},"end":{"line":12,"column":40}},"11":{"start":{"line":14,"column":2},"end":{"line":14,"column":35}},"12":{"start":{"line":15,"column":33},"end":{"line":15,"column":52}},"13":{"start":{"line":17,"column":2},"end":{"line":17,"column":46}},"14":{"start":{"line":18,"column":25},"end":{"line":18,"column":36}},"15":{"start":{"line":19,"column":36},"end":{"line":19,"column":58}},"16":{"start":{"line":20,"column":34},"end":{"line":20,"column":54}},"17":{"start":{"line":21,"column":32},"end":{"line":21,"column":50}},"18":{"start":{"line":22,"column":36},"end":{"line":22,"column":58}},"19":{"start":{"line":23,"column":26},"end":{"line":23,"column":38}},"20":{"start":{"line":24,"column":39},"end":{"line":24,"column":64}},"21":{"start":{"line":25,"column":38},"end":{"line":25,"column":62}},"22":{"start":{"line":27,"column":2},"end":{"line":27,"column":42}},"23":{"start":{"line":28,"column":42},"end":{"line":28,"column":70}},"24":{"start":{"line":29,"column":34},"end":{"line":29,"column":54}},"25":{"start":{"line":31,"column":2},"end":{"line":31,"column":47}},"26":{"start":{"line":33,"column":2},"end":{"line":33,"column":37}},"27":{"start":{"line":35,"column":2},"end":{"line":35,"column":35}},"28":{"start":{"line":37,"column":2},"end":{"line":37,"column":42}},"29":{"start":{"line":39,"column":2},"end":{"line":39,"column":39}},"30":{"start":{"line":40,"column":33},"end":{"line":40,"column":52}},"31":{"start":{"line":41,"column":31},"end":{"line":41,"column":48}},"32":{"start":{"line":42,"column":28},"end":{"line":42,"column":42}},"33":{"start":{"line":43,"column":32},"end":{"line":43,"column":50}},"34":{"start":{"line":46,"column":33},"end":{"line":46,"column":52}},"35":{"start":{"line":47,"column":38},"end":{"line":47,"column":62}},"36":{"start":{"line":48,"column":40},"end":{"line":48,"column":66}},"37":{"start":{"line":49,"column":41},"end":{"line":49,"column":68}},"38":{"start":{"line":50,"column":37},"end":{"line":50,"column":60}},"39":{"start":{"line":51,"column":37},"end":{"line":51,"column":60}},"40":{"start":{"line":52,"column":31},"end":{"line":52,"column":48}},"41":{"start":{"line":53,"column":31},"end":{"line":53,"column":48}},"42":{"start":{"line":54,"column":37},"end":{"line":54,"column":60}},"43":{"start":{"line":55,"column":24},"end":{"line":55,"column":34}},"44":{"start":{"line":56,"column":26},"end":{"line":56,"column":38}},"45":{"start":{"line":57,"column":43},"end":{"line":57,"column":72}},"46":{"start":{"line":58,"column":31},"end":{"line":58,"column":48}},"47":{"start":{"line":59,"column":34},"end":{"line":59,"column":54}},"48":{"start":{"line":60,"column":34},"end":{"line":60,"column":54}},"49":{"start":{"line":61,"column":30},"end":{"line":61,"column":46}},"50":{"start":{"line":62,"column":34},"end":{"line":62,"column":54}},"51":{"start":{"line":63,"column":25},"end":{"line":63,"column":36}},"52":{"start":{"line":64,"column":36},"end":{"line":64,"column":58}},"53":{"start":{"line":65,"column":32},"end":{"line":65,"column":50}},"54":{"start":{"line":68,"column":2},"end":{"line":68,"column":43}},"55":{"start":{"line":70,"column":2},"end":{"line":70,"column":38}},"56":{"start":{"line":72,"column":44},"end":{"line":72,"column":74}},"57":{"start":{"line":73,"column":45},"end":{"line":73,"column":76}},"58":{"start":{"line":74,"column":31},"end":{"line":74,"column":48}},"59":{"start":{"line":75,"column":30},"end":{"line":75,"column":46}},"60":{"start":{"line":76,"column":27},"end":{"line":76,"column":40}},"61":{"start":{"line":77,"column":31},"end":{"line":77,"column":48}}},"fnMap":{},"branchMap":{},"s":{"0":0,"1":0,"2":0,"3":0,"4":0,"5":0,"6":0,"7":0,"8":0,"9":0,"10":0,"11":0,"12":0,"13":0,"14":0,"15":0,"16":0,"17":0,"18":0,"19":0,"20":0,"21":0,"22":0,"23":0,"24":0,"25":0,"26":0,"27":0,"28":0,"29":0,"30":0,"31":0,"32":0,"33":0,"34":0,"35":0,"36":0,"37":0,"38":0,"39":0,"40":0,"41":0,"42":0,"43":0,"44":0,"45":0,"46":0,"47":0,"48":0,"49":0,"50":0,"51":0,"52":0,"53":0,"54":0,"55":0,"56":0,"57":0,"58":0,"59":0,"60":0,"61":0},"f":{},"b":{},"hash":"83360e414b71616bf87793b73016414a61150fa2"}
,"/Users/josepheisele/Documents/Coding/repos/prevue2/src/store/module-example/actions.js": {"path":"/Users/josepheisele/Documents/Coding/repos/prevue2/src/store/module-example/actions.js","statementMap":{},"fnMap":{"0":{"name":"someAction","decl":{"start":{"line":1,"column":16},"end":{"line":1,"column":26}},"loc":{"start":{"line":1,"column":43},"end":{"line":2,"column":1}},"line":1}},"branchMap":{},"s":{},"f":{"0":0},"b":{},"hash":"8131dbcede4e65890cf975dd5cf59bb1be47db40"}
,"/Users/josepheisele/Documents/Coding/repos/prevue2/src/store/module-example/getters.js": {"path":"/Users/josepheisele/Documents/Coding/repos/prevue2/src/store/module-example/getters.js","statementMap":{},"fnMap":{"0":{"name":"someGetter","decl":{"start":{"line":1,"column":16},"end":{"line":1,"column":26}},"loc":{"start":{"line":1,"column":41},"end":{"line":2,"column":1}},"line":1}},"branchMap":{},"s":{},"f":{"0":0},"b":{},"hash":"b78346ee39aa052b8dd5dc4044733577ab4f727e"}
,"/Users/josepheisele/Documents/Coding/repos/prevue2/src/store/module-example/index.js": {"path":"/Users/josepheisele/Documents/Coding/repos/prevue2/src/store/module-example/index.js","statementMap":{},"fnMap":{},"branchMap":{},"s":{},"f":{},"b":{},"hash":"145a210181ffcf8652b4631bad94afbdcae9c7d6"}
,"/Users/josepheisele/Documents/Coding/repos/prevue2/src/store/module-example/mutations.js": {"path":"/Users/josepheisele/Documents/Coding/repos/prevue2/src/store/module-example/mutations.js","statementMap":{},"fnMap":{"0":{"name":"someMutation","decl":{"start":{"line":1,"column":16},"end":{"line":1,"column":28}},"loc":{"start":{"line":1,"column":43},"end":{"line":2,"column":1}},"line":1}},"branchMap":{},"s":{},"f":{"0":0},"b":{},"hash":"3a2554cc40ec2fb5fb5cf44f090fd67407eb264a"}
,"/Users/josepheisele/Documents/Coding/repos/prevue2/src/store/module-example/state.js": {"path":"/Users/josepheisele/Documents/Coding/repos/prevue2/src/store/module-example/state.js","statementMap":{},"fnMap":{},"branchMap":{},"s":{},"f":{},"b":{},"hash":"d43314a2c9cf8f5ba97abdaec618ca3b377897ae"}
,"/Users/josepheisele/Documents/Coding/repos/prevue2/src/store/state/htmlElementMap.js": {"path":"/Users/josepheisele/Documents/Coding/repos/prevue2/src/store/state/htmlElementMap.js","statementMap":{"0":{"start":{"line":1,"column":23},"end":{"line":13,"column":1}}},"fnMap":{},"branchMap":{},"s":{"0":0},"f":{},"b":{},"hash":"2d36bb2a489928aac8be635bf98e518ff7dc953d"}
,"/Users/josepheisele/Documents/Coding/repos/prevue2/src/store/state/icons.js": {"path":"/Users/josepheisele/Documents/Coding/repos/prevue2/src/store/state/icons.js","statementMap":{"0":{"start":{"line":1,"column":14},"end":{"line":13,"column":1}}},"fnMap":{},"branchMap":{},"s":{"0":0},"f":{},"b":{},"hash":"df2d35e7927871715bff81fb0a578fb1d459f333"}
,"/Users/josepheisele/Documents/Coding/repos/prevue2/src/store/state/index.js": {"path":"/Users/josepheisele/Documents/Coding/repos/prevue2/src/store/state/index.js","statementMap":{"0":{"start":{"line":4,"column":17},"end":{"line":39,"column":1}}},"fnMap":{},"branchMap":{},"s":{"0":0},"f":{},"b":{},"hash":"710b023970636f9c2ef4bc2fa5b314cc2ac78e55"}
=======
{"/Users/dnohashi/Desktop/production/prevue2/src-electron/main-process/electron-main.dev.js": {"path":"/Users/dnohashi/Desktop/production/prevue2/src-electron/main-process/electron-main.dev.js","statementMap":{"0":{"start":{"line":9,"column":0},"end":{"line":9,"column":49}},"1":{"start":{"line":12,"column":0},"end":{"line":19,"column":2}},"2":{"start":{"line":13,"column":25},"end":{"line":13,"column":63}},"3":{"start":{"line":14,"column":2},"end":{"line":18,"column":6}},"4":{"start":{"line":17,"column":6},"end":{"line":17,"column":62}},"5":{"start":{"line":22,"column":0},"end":{"line":22,"column":26}}},"fnMap":{"0":{"name":"(anonymous_0)","decl":{"start":{"line":12,"column":36},"end":{"line":12,"column":37}},"loc":{"start":{"line":12,"column":42},"end":{"line":19,"column":1}},"line":12},"1":{"name":"(anonymous_1)","decl":{"start":{"line":15,"column":10},"end":{"line":15,"column":11}},"loc":{"start":{"line":15,"column":16},"end":{"line":15,"column":18}},"line":15},"2":{"name":"(anonymous_2)","decl":{"start":{"line":16,"column":11},"end":{"line":16,"column":12}},"loc":{"start":{"line":16,"column":18},"end":{"line":18,"column":5}},"line":16}},"branchMap":{},"s":{"0":0,"1":0,"2":0,"3":0,"4":0,"5":0},"f":{"0":0,"1":0,"2":0},"b":{},"hash":"830ba48f1166a64334ba556b7880c42a14414a5f"}
,"/Users/dnohashi/Desktop/production/prevue2/src-electron/main-process/electron-main.js": {"path":"/Users/dnohashi/Desktop/production/prevue2/src-electron/main-process/electron-main.js","statementMap":{"0":{"start":{"line":7,"column":0},"end":{"line":9,"column":1}},"1":{"start":{"line":8,"column":2},"end":{"line":8,"column":86}},"2":{"start":{"line":17,"column":2},"end":{"line":24,"column":4}},"3":{"start":{"line":26,"column":2},"end":{"line":26,"column":41}},"4":{"start":{"line":28,"column":2},"end":{"line":30,"column":4}},"5":{"start":{"line":29,"column":4},"end":{"line":29,"column":21}},"6":{"start":{"line":33,"column":0},"end":{"line":33,"column":29}},"7":{"start":{"line":35,"column":0},"end":{"line":39,"column":2}},"8":{"start":{"line":36,"column":2},"end":{"line":38,"column":3}},"9":{"start":{"line":37,"column":4},"end":{"line":37,"column":14}},"10":{"start":{"line":41,"column":0},"end":{"line":45,"column":2}},"11":{"start":{"line":42,"column":2},"end":{"line":44,"column":3}},"12":{"start":{"line":43,"column":4},"end":{"line":43,"column":18}}},"fnMap":{"0":{"name":"createWindow","decl":{"start":{"line":13,"column":9},"end":{"line":13,"column":21}},"loc":{"start":{"line":13,"column":25},"end":{"line":31,"column":1}},"line":13},"1":{"name":"(anonymous_1)","decl":{"start":{"line":28,"column":26},"end":{"line":28,"column":27}},"loc":{"start":{"line":28,"column":32},"end":{"line":30,"column":3}},"line":28},"2":{"name":"(anonymous_2)","decl":{"start":{"line":35,"column":28},"end":{"line":35,"column":29}},"loc":{"start":{"line":35,"column":34},"end":{"line":39,"column":1}},"line":35},"3":{"name":"(anonymous_3)","decl":{"start":{"line":41,"column":19},"end":{"line":41,"column":20}},"loc":{"start":{"line":41,"column":25},"end":{"line":45,"column":1}},"line":41}},"branchMap":{"0":{"loc":{"start":{"line":7,"column":0},"end":{"line":9,"column":1}},"type":"if","locations":[{"start":{"line":7,"column":0},"end":{"line":9,"column":1}},{"start":{"line":7,"column":0},"end":{"line":9,"column":1}}],"line":7},"1":{"loc":{"start":{"line":36,"column":2},"end":{"line":38,"column":3}},"type":"if","locations":[{"start":{"line":36,"column":2},"end":{"line":38,"column":3}},{"start":{"line":36,"column":2},"end":{"line":38,"column":3}}],"line":36},"2":{"loc":{"start":{"line":42,"column":2},"end":{"line":44,"column":3}},"type":"if","locations":[{"start":{"line":42,"column":2},"end":{"line":44,"column":3}},{"start":{"line":42,"column":2},"end":{"line":44,"column":3}}],"line":42}},"s":{"0":0,"1":0,"2":0,"3":0,"4":0,"5":0,"6":0,"7":0,"8":0,"9":0,"10":0,"11":0,"12":0},"f":{"0":0,"1":0,"2":0,"3":0},"b":{"0":[0,0],"1":[0,0],"2":[0,0]},"hash":"94e0d6ef55831f944cd981c951424b2bc2c206c9"}
,"/Users/dnohashi/Desktop/production/prevue2/src-pwa/custom-service-worker.js": {"path":"/Users/dnohashi/Desktop/production/prevue2/src-pwa/custom-service-worker.js","statementMap":{},"fnMap":{},"branchMap":{},"s":{},"f":{},"b":{},"hash":"6b6d262385a5ccfe59e05ad679fe56be3ce3eb64"}
[...]
ine":61,"column":4},"end":{"line":61,"column":56}},"18":{"start":{"line":65,"column":46},"end":{"line":65,"column":51}},"19":{"start":{"line":67,"column":17},"end":{"line":67,"column":48}},"20":{"start":{"line":69,"column":4},"end":{"line":69,"column":34}},"21":{"start":{"line":71,"column":4},"end":{"line":76,"column":5}},"22":{"start":{"line":72,"column":21},"end":{"line":72,"column":45}},"23":{"start":{"line":73,"column":6},"end":{"line":75,"column":8}},"24":{"start":{"line":74,"column":8},"end":{"line":74,"column":64}},"25":{"start":{"line":74,"column":39},"end":{"line":74,"column":64}},"26":{"start":{"line":77,"column":4},"end":{"line":77,"column":31}},"27":{"start":{"line":80,"column":4},"end":{"line":80,"column":24}},"28":{"start":{"line":81,"column":4},"end":{"line":81,"column":32}},"29":{"start":{"line":85,"column":4},"end":{"line":85,"column":48}},"30":{"start":{"line":88,"column":4},"end":{"line":88,"column":32}},"31":{"start":{"line":89,"column":4},"end":{"line":89,"column":24}},"32":{"start":{"line":90,"column":4},"end":{"line":90,"column":33}},"33":{"start":{"line":93,"column":4},"end":{"line":93,"column":36}},"34":{"start":{"line":94,"column":4},"end":{"line":94,"column":32}},"35":{"start":{"line":95,"column":4},"end":{"line":95,"column":25}},"36":{"start":{"line":98,"column":4},"end":{"line":98,"column":29}},"37":{"start":{"line":102,"column":4},"end":{"line":105,"column":5}},"38":{"start":{"line":106,"column":4},"end":{"line":106,"column":48}},"39":{"start":{"line":110,"column":32},"end":{"line":110,"column":39}},"40":{"start":{"line":111,"column":4},"end":{"line":117,"column":5}},"41":{"start":{"line":121,"column":4},"end":{"line":121,"column":31}},"42":{"start":{"line":125,"column":4},"end":{"line":125,"column":49}},"43":{"start":{"line":129,"column":4},"end":{"line":129,"column":35}},"44":{"start":{"line":132,"column":4},"end":{"line":132,"column":45}},"45":{"start":{"line":133,"column":4},"end":{"line":133,"column":45}},"46":{"start":{"line":137,"column":4},"end":{"line":137,"column":45}},"47":{"start":{"line":141,"column":4},"end":{"line":141,"column":64}},"48":{"start":{"line":144,"column":4},"end":{"line":144,"column":37}},"49":{"start":{"line":145,"column":4},"end":{"line":147,"column":6}},"50":{"start":{"line":146,"column":6},"end":{"line":146,"column":18}},"51":{"start":{"line":148,"column":4},"end":{"line":148,"column":41}},"52":{"start":{"line":155,"column":4},"end":{"line":155,"column":53}},"53":{"start":{"line":160,"column":33},"end":{"line":160,"column":40}},"54":{"start":{"line":161,"column":4},"end":{"line":161,"column":50}},"55":{"start":{"line":165,"column":4},"end":{"line":165,"column":64}},"56":{"start":{"line":166,"column":4},"end":{"line":166,"column":135}},"57":{"start":{"line":166,"column":113},"end":{"line":166,"column":134}},"58":{"start":{"line":170,"column":4},"end":{"line":170,"column":43}},"59":{"start":{"line":174,"column":33},"end":{"line":174,"column":40}},"60":{"start":{"line":175,"column":4},"end":{"line":175,"column":54}},"61":{"start":{"line":179,"column":4},"end":{"line":179,"column":29}},"62":{"start":{"line":182,"column":4},"end":{"line":182,"column":34}},"63":{"start":{"line":185,"column":22},"end":{"line":185,"column":27}},"64":{"start":{"line":186,"column":4},"end":{"line":186,"column":36}},"65":{"start":{"line":187,"column":4},"end":{"line":187,"column":42}},"66":{"start":{"line":188,"column":4},"end":{"line":188,"column":21}},"67":{"start":{"line":191,"column":22},"end":{"line":191,"column":27}},"68":{"start":{"line":192,"column":18},"end":{"line":192,"column":57}},"69":{"start":{"line":193,"column":4},"end":{"line":197,"column":5}},"70":{"start":{"line":193,"column":17},"end":{"line":193,"column":18}},"71":{"start":{"line":194,"column":6},"end":{"line":196,"column":7}},"72":{"start":{"line":195,"column":8},"end":{"line":195,"column":27}},"73":{"start":{"line":198,"column":4},"end":{"line":198,"column":52}},"74":{"start":{"line":199,"column":4},"end":{"line":199,"column":45}},"75":{"start":{"line":200,"column":4},"end":{"line":200,"column":35}}},"fnMap":{"0":{"name":"(anonymous_0)","decl":{"start":{"line":7,"column":42},"end":{"line":7,"column":43}},"loc":{"start":{"line":7,"column":62},"end":{"line":22,"column":3}},"line":7},"1":{"name":"(anonymous_1)","decl":{"start":{"line":25,"column":40},"end":{"line":25,"column":41}},"loc":{"start":{"line":25,"column":60},"end":{"line":27,"column":3}},"line":25},"2":{"name":"(anonymous_2)","decl":{"start":{"line":30,"column":37},"end":{"line":30,"column":38}},"loc":{"start":{"line":30,"column":57},"end":{"line":32,"column":3}},"line":30},"3":{"name":"(anonymous_3)","decl":{"start":{"line":33,"column":38},"end":{"line":33,"column":39}},"loc":{"start":{"line":33,"column":62},"end":{"line":39,"column":3}},"line":33},"4":{"name":"(anonymous_4)","decl":{"start":{"line":40,"column":43},"end":{"line":40,"column":44}},"loc":{"start":{"line":40,"column":59},"end":{"line":58,"column":3}},"line":40},"5":{"name":"parseAndDelete","decl":{"start":{"line":44,"column":13},"end":{"line":44,"column":27}},"loc":{"start":{"line":44,"column":39},"end":{"line":56,"column":5}},"line":44},"6":{"name":"(anonymous_6)","decl":{"start":{"line":45,"column":23},"end":{"line":45,"column":24}},"loc":{"start":{"line":45,"column":43},"end":{"line":52,"column":7}},"line":45},"7":{"name":"(anonymous_7)","decl":{"start":{"line":59,"column":36},"end":{"line":59,"column":37}},"loc":{"start":{"line":59,"column":56},"end":{"line":62,"column":3}},"line":59},"8":{"name":"(anonymous_8)","decl":{"start":{"line":64,"column":35},"end":{"line":64,"column":36}},"loc":{"start":{"line":64,"column":44},"end":{"line":78,"column":3}},"line":64},"9":{"name":"(anonymous_9)","decl":{"start":{"line":73,"column":23},"end":{"line":73,"column":24}},"loc":{"start":{"line":73,"column":41},"end":{"line":75,"column":7}},"line":73},"10":{"name":"(anonymous_10)","decl":{"start":{"line":79,"column":29},"end":{"line":79,"column":30}},"loc":{"start":{"line":79,"column":49},"end":{"line":82,"column":3}},"line":79},"11":{"name":"(anonymous_11)","decl":{"start":{"line":84,"column":35},"end":{"line":84,"column":36}},"loc":{"start":{"line":84,"column":55},"end":{"line":86,"column":3}},"line":84},"12":{"name":"(anonymous_12)","decl":{"start":{"line":87,"column":21},"end":{"line":87,"column":22}},"loc":{"start":{"line":87,"column":41},"end":{"line":91,"column":3}},"line":87},"13":{"name":"(anonymous_13)","decl":{"start":{"line":92,"column":23},"end":{"line":92,"column":24}},"loc":{"start":{"line":92,"column":43},"end":{"line":96,"column":3}},"line":92},"14":{"name":"(anonymous_14)","decl":{"start":{"line":97,"column":29},"end":{"line":97,"column":30}},"loc":{"start":{"line":97,"column":49},"end":{"line":99,"column":3}},"line":97},"15":{"name":"(anonymous_15)","decl":{"start":{"line":101,"column":21},"end":{"line":101,"column":22}},"loc":{"start":{"line":101,"column":41},"end":{"line":107,"column":3}},"line":101},"16":{"name":"(anonymous_16)","decl":{"start":{"line":109,"column":38},"end":{"line":109,"column":39}},"loc":{"start":{"line":109,"column":58},"end":{"line":118,"column":3}},"line":109},"17":{"name":"(anonymous_17)","decl":{"start":{"line":120,"column":28},"end":{"line":120,"column":29}},"loc":{"start":{"line":120,"column":48},"end":{"line":122,"column":3}},"line":120},"18":{"name":"(anonymous_18)","decl":{"start":{"line":124,"column":54},"end":{"line":124,"column":55}},"loc":{"start":{"line":124,"column":74},"end":{"line":126,"column":3}},"line":124},"19":{"name":"(anonymous_19)","decl":{"start":{"line":128,"column":32},"end":{"line":128,"column":33}},"loc":{"start":{"line":128,"column":52},"end":{"line":130,"column":3}},"line":128},"20":{"name":"(anonymous_20)","decl":{"start":{"line":131,"column":22},"end":{"line":131,"column":23}},"loc":{"start":{"line":131,"column":42},"end":{"line":134,"column":3}},"line":131},"21":{"name":"(anonymous_21)","decl":{"start":{"line":136,"column":34},"end":{"line":136,"column":35}},"loc":{"start":{"line":136,"column":54},"end":{"line":138,"column":3}},"line":136},"22":{"name":"(anonymous_22)","decl":{"start":{"line":140,"column":50},"end":{"line":140,"column":51}},"loc":{"start":{"line":140,"column":70},"end":{"line":142,"column":3}},"line":140},"23":{"name":"(anonymous_23)","decl":{"start":{"line":143,"column":30},"end":{"line":143,"column":31}},"loc":{"start":{"line":143,"column":50},"end":{"line":149,"column":3}},"line":143},"24":{"name":"(anonymous_24)","decl":{"start":{"line":145,"column":67},"end":{"line":145,"column":68}},"loc":{"start":{"line":145,"column":75},"end":{"line":147,"column":5}},"line":145},"25":{"name":"(anonymous_25)","decl":{"start":{"line":154,"column":55},"end":{"line":154,"column":56}},"loc":{"start":{"line":154,"column":75},"end":{"line":156,"column":3}},"line":154},"26":{"name":"(anonymous_26)","decl":{"start":{"line":159,"column":43},"end":{"line":159,"column":44}},"loc":{"start":{"line":159,"column":63},"end":{"line":162,"column":3}},"line":159},"27":{"name":"(anonymous_27)","decl":{"start":{"line":163,"column":50},"end":{"line":163,"column":51}},"loc":{"start":{"line":163,"column":70},"end":{"line":167,"column":3}},"line":163},"28":{"name":"(anonymous_28)","decl":{"start":{"line":166,"column":107},"end":{"line":166,"column":108}},"loc":{"start":{"line":166,"column":113},"end":{"line":166,"column":134}},"line":166},"29":{"name":"(anonymous_29)","decl":{"start":{"line":169,"column":45},"end":{"line":169,"column":46}},"loc":{"start":{"line":169,"column":65},"end":{"line":171,"column":3}},"line":169},"30":{"name":"(anonymous_30)","decl":{"start":{"line":173,"column":47},"end":{"line":173,"column":48}},"loc":{"start":{"line":173,"column":67},"end":{"line":176,"column":3}},"line":173},"31":{"name":"(anonymous_31)","decl":{"start":{"line":178,"column":29},"end":{"line":178,"column":30}},"loc":{"start":{"line":178,"column":49},"end":{"line":180,"column":3}},"line":178},"32":{"name":"(anonymous_32)","decl":{"start":{"line":181,"column":27},"end":{"line":181,"column":28}},"loc":{"start":{"line":181,"column":47},"end":{"line":183,"column":3}},"line":181},"33":{"name":"(anonymous_33)","decl":{"start":{"line":184,"column":24},"end":{"line":184,"column":25}},"loc":{"start":{"line":184,"column":44},"end":{"line":189,"column":3}},"line":184},"34":{"name":"(anonymous_34)","decl":{"start":{"line":190,"column":28},"end":{"line":190,"column":29}},"loc":{"start":{"line":190,"column":47},"end":{"line":202,"column":3}},"line":190}},"branchMap":{"0":{"loc":{"start":{"line":46,"column":8},"end":{"line":48,"column":9}},"type":"if","locations":[{"start":{"line":46,"column":8},"end":{"line":48,"column":9}},{"start":{"line":46,"column":8},"end":{"line":48,"column":9}}],"line":46},"1":{"loc":{"start":{"line":74,"column":8},"end":{"line":74,"column":64}},"type":"if","locations":[{"start":{"line":74,"column":8},"end":{"line":74,"column":64}},{"start":{"line":74,"column":8},"end":{"line":74,"column":64}}],"line":74},"2":{"loc":{"start":{"line":194,"column":6},"end":{"line":196,"column":7}},"type":"if","locations":[{"start":{"line":194,"column":6},"end":{"line":196,"column":7}},{"start":{"line":194,"column":6},"end":{"line":196,"column":7}}],"line":194}},"s":{"0":0,"1":0,"2":0,"3":0,"4":0,"5":0,"6":0,"7":0,"8":0,"9":0,"10":0,"11":0,"12":0,"13":0,"14":0,"15":0,"16":0,"17":0,"18":0,"19":0,"20":0,"21":0,"22":0,"23":0,"24":0,"25":0,"26":0,"27":0,"28":0,"29":0,"30":0,"31":0,"32":0,"33":0,"34":0,"35":0,"36":0,"37":0,"38":0,"39":0,"40":0,"41":0,"42":0,"43":0,"44":0,"45":0,"46":0,"47":0,"48":0,"49":0,"50":0,"51":0,"52":0,"53":0,"54":0,"55":0,"56":0,"57":0,"58":0,"59":0,"60":0,"61":0,"62":0,"63":0,"64":0,"65":0,"66":0,"67":0,"68":0,"69":0,"70":0,"71":0,"72":0,"73":0,"74":0,"75":0},"f":{"0":0,"1":0,"2":0,"3":0,"4":0,"5":0,"6":0,"7":0,"8":0,"9":0,"10":0,"11":0,"12":0,"13":0,"14":0,"15":0,"16":0,"17":0,"18":0,"19":0,"20":0,"21":0,"22":0,"23":0,"24":0,"25":0,"26":0,"27":0,"28":0,"29":0,"30":0,"31":0,"32":0,"33":0,"34":0},"b":{"0":[0,0],"1":[0,0],"2":[0,0]},"hash":"d467f7bb8c4bdb943e83e55cbdda76737ee04423"}
,"/Users/dnohashi/Desktop/production/prevue2/src/store/types.js": {"path":"/Users/dnohashi/Desktop/production/prevue2/src/store/types.js","statementMap":{"0":{"start":{"line":2,"column":46},"end":{"line":2,"column":78}},"1":{"start":{"line":3,"column":41},"end":{"line":3,"column":68}},"2":{"start":{"line":4,"column":44},"end":{"line":4,"column":74}},"3":{"start":{"line":5,"column":42},"end":{"line":5,"column":70}},"4":{"start":{"line":6,"column":40},"end":{"line":6,"column":66}},"5":{"start":{"line":7,"column":39},"end":{"line":7,"column":64}},"6":{"start":{"line":8,"column":33},"end":{"line":8,"column":52}},"7":{"start":{"line":9,"column":33},"end":{"line":9,"column":52}},"8":{"start":{"line":10,"column":39},"end":{"line":10,"column":64}},"9":{"start":{"line":11,"column":25},"end":{"line":11,"column":36}},"10":{"start":{"line":12,"column":27},"end":{"line":12,"column":40}},"11":{"start":{"line":14,"column":2},"end":{"line":14,"column":35}},"12":{"start":{"line":15,"column":33},"end":{"line":15,"column":52}},"13":{"start":{"line":17,"column":2},"end":{"line":17,"column":46}},"14":{"start":{"line":18,"column":25},"end":{"line":18,"column":36}},"15":{"start":{"line":19,"column":36},"end":{"line":19,"column":58}},"16":{"start":{"line":20,"column":34},"end":{"line":20,"column":54}},"17":{"start":{"line":21,"column":32},"end":{"line":21,"column":50}},"18":{"start":{"line":22,"column":36},"end":{"line":22,"column":58}},"19":{"start":{"line":23,"column":26},"end":{"line":23,"column":38}},"20":{"start":{"line":24,"column":39},"end":{"line":24,"column":64}},"21":{"start":{"line":25,"column":38},"end":{"line":25,"column":62}},"22":{"start":{"line":27,"column":2},"end":{"line":27,"column":42}},"23":{"start":{"line":28,"column":42},"end":{"line":28,"column":70}},"24":{"start":{"line":29,"column":34},"end":{"line":29,"column":54}},"25":{"start":{"line":31,"column":2},"end":{"line":31,"column":47}},"26":{"start":{"line":33,"column":2},"end":{"line":33,"column":37}},"27":{"start":{"line":35,"column":2},"end":{"line":35,"column":35}},"28":{"start":{"line":37,"column":2},"end":{"line":37,"column":42}},"29":{"start":{"line":39,"column":2},"end":{"line":39,"column":39}},"30":{"start":{"line":40,"column":33},"end":{"line":40,"column":52}},"31":{"start":{"line":41,"column":31},"end":{"line":41,"column":48}},"32":{"start":{"line":42,"column":28},"end":{"line":42,"column":42}},"33":{"start":{"line":43,"column":32},"end":{"line":43,"column":50}},"34":{"start":{"line":46,"column":33},"end":{"line":46,"column":52}},"35":{"start":{"line":47,"column":38},"end":{"line":47,"column":62}},"36":{"start":{"line":48,"column":40},"end":{"line":48,"column":66}},"37":{"start":{"line":49,"column":41},"end":{"line":49,"column":68}},"38":{"start":{"line":50,"column":37},"end":{"line":50,"column":60}},"39":{"start":{"line":51,"column":37},"end":{"line":51,"column":60}},"40":{"start":{"line":52,"column":31},"end":{"line":52,"column":48}},"41":{"start":{"line":53,"column":31},"end":{"line":53,"column":48}},"42":{"start":{"line":54,"column":37},"end":{"line":54,"column":60}},"43":{"start":{"line":55,"column":24},"end":{"line":55,"column":34}},"44":{"start":{"line":56,"column":26},"end":{"line":56,"column":38}},"45":{"start":{"line":57,"column":43},"end":{"line":57,"column":72}},"46":{"start":{"line":58,"column":31},"end":{"line":58,"column":48}},"47":{"start":{"line":59,"column":34},"end":{"line":59,"column":54}},"48":{"start":{"line":60,"column":34},"end":{"line":60,"column":54}},"49":{"start":{"line":61,"column":30},"end":{"line":61,"column":46}},"50":{"start":{"line":62,"column":34},"end":{"line":62,"column":54}},"51":{"start":{"line":63,"column":25},"end":{"line":63,"column":36}},"52":{"start":{"line":64,"column":36},"end":{"line":64,"column":58}},"53":{"start":{"line":65,"column":32},"end":{"line":65,"column":50}},"54":{"start":{"line":68,"column":2},"end":{"line":68,"column":43}},"55":{"start":{"line":70,"column":2},"end":{"line":70,"column":38}},"56":{"start":{"line":72,"column":44},"end":{"line":72,"column":74}},"57":{"start":{"line":73,"column":45},"end":{"line":73,"column":76}},"58":{"start":{"line":74,"column":31},"end":{"line":74,"column":48}},"59":{"start":{"line":75,"column":30},"end":{"line":75,"column":46}},"60":{"start":{"line":76,"column":27},"end":{"line":76,"column":40}},"61":{"start":{"line":77,"column":31},"end":{"line":77,"column":48}}},"fnMap":{},"branchMap":{},"s":{"0":0,"1":0,"2":0,"3":0,"4":0,"5":0,"6":0,"7":0,"8":0,"9":0,"10":0,"11":0,"12":0,"13":0,"14":0,"15":0,"16":0,"17":0,"18":0,"19":0,"20":0,"21":0,"22":0,"23":0,"24":0,"25":0,"26":0,"27":0,"28":0,"29":0,"30":0,"31":0,"32":0,"33":0,"34":0,"35":0,"36":0,"37":0,"38":0,"39":0,"40":0,"41":0,"42":0,"43":0,"44":0,"45":0,"46":0,"47":0,"48":0,"49":0,"50":0,"51":0,"52":0,"53":0,"54":0,"55":0,"56":0,"57":0,"58":0,"59":0,"60":0,"61":0},"f":{},"b":{},"hash":"d00f1c8bd3d80f046c56013feb4fa3b1c0312eab"}
,"/Users/dnohashi/Desktop/production/prevue2/src/store/module-example/actions.js": {"path":"/Users/dnohashi/Desktop/production/prevue2/src/store/module-example/actions.js","statementMap":{},"fnMap":{"0":{"name":"someAction","decl":{"start":{"line":1,"column":16},"end":{"line":1,"column":26}},"loc":{"start":{"line":1,"column":43},"end":{"line":2,"column":1}},"line":1}},"branchMap":{},"s":{},"f":{"0":0},"b":{},"hash":"907b94a5c65e67bbce4eb08d28388034d126940c"}
,"/Users/dnohashi/Desktop/production/prevue2/src/store/module-example/getters.js": {"path":"/Users/dnohashi/Desktop/production/prevue2/src/store/module-example/getters.js","statementMap":{},"fnMap":{"0":{"name":"someGetter","decl":{"start":{"line":1,"column":16},"end":{"line":1,"column":26}},"loc":{"start":{"line":1,"column":41},"end":{"line":2,"column":1}},"line":1}},"branchMap":{},"s":{},"f":{"0":0},"b":{},"hash":"90cba3077271d79e91a13d49d65475ad40719df5"}
,"/Users/dnohashi/Desktop/production/prevue2/src/store/module-example/index.js": {"path":"/Users/dnohashi/Desktop/production/prevue2/src/store/module-example/index.js","statementMap":{},"fnMap":{},"branchMap":{},"s":{},"f":{},"b":{},"hash":"c5fc4f956f143c064c77ea22cfa187764c8909eb"}
,"/Users/dnohashi/Desktop/production/prevue2/src/store/module-example/mutations.js": {"path":"/Users/dnohashi/Desktop/production/prevue2/src/store/module-example/mutations.js","statementMap":{},"fnMap":{"0":{"name":"someMutation","decl":{"start":{"line":1,"column":16},"end":{"line":1,"column":28}},"loc":{"start":{"line":1,"column":43},"end":{"line":2,"column":1}},"line":1}},"branchMap":{},"s":{},"f":{"0":0},"b":{},"hash":"811e139e5c3b301bfd3d50e34b35d60dfec66778"}
,"/Users/dnohashi/Desktop/production/prevue2/src/store/module-example/state.js": {"path":"/Users/dnohashi/Desktop/production/prevue2/src/store/module-example/state.js","statementMap":{},"fnMap":{},"branchMap":{},"s":{},"f":{},"b":{},"hash":"1897d0f161bf0862993e4b67252ad393099bf960"}
,"/Users/dnohashi/Desktop/production/prevue2/src/store/state/htmlElementMap.js": {"path":"/Users/dnohashi/Desktop/production/prevue2/src/store/state/htmlElementMap.js","statementMap":{"0":{"start":{"line":1,"column":23},"end":{"line":13,"column":1}}},"fnMap":{},"branchMap":{},"s":{"0":0},"f":{},"b":{},"hash":"61b6e40e7a414d1703c0bcb51be2fdd76e7b20e3"}
,"/Users/dnohashi/Desktop/production/prevue2/src/store/state/icons.js": {"path":"/Users/dnohashi/Desktop/production/prevue2/src/store/state/icons.js","statementMap":{"0":{"start":{"line":1,"column":14},"end":{"line":13,"column":1}}},"fnMap":{},"branchMap":{},"s":{"0":0},"f":{},"b":{},"hash":"3fd29c70dd0912309d10d54db9e3787ba9124612"}
,"/Users/dnohashi/Desktop/production/prevue2/src/store/state/index.js": {"path":"/Users/dnohashi/Desktop/production/prevue2/src/store/state/index.js","statementMap":{"0":{"start":{"line":4,"column":17},"end":{"line":39,"column":1}}},"fnMap":{},"branchMap":{},"s":{"0":0},"f":{},"b":{},"hash":"1755625360790fba308f0ffe17ae099de140eca3"}
}
