TN:
SF:/Users/dnohashi/Desktop/production/prevue2/src-electron/main-process/electron-main.dev.js
FN:12,(anonymous_0)
FN:15,(anonymous_1)
FN:16,(anonymous_2)
FNF:3
FNH:0
FNDA:0,(anonymous_0)
FNDA:0,(anonymous_1)
FNDA:0,(anonymous_2)
DA:9,0
DA:12,0
DA:13,0
DA:14,0
DA:17,0
DA:22,0
LF:6
LH:0
BRF:0
BRH:0
end_of_record
TN:
SF:/Users/dnohashi/Desktop/production/prevue2/src-electron/main-process/electron-main.js
FN:13,createWindow
FN:28,(anonymous_1)
FN:35,(anonymous_2)
FN:41,(anonymous_3)
FNF:4
FNH:0
FNDA:0,createWindow
FNDA:0,(anonymous_1)
FNDA:0,(anonymous_2)
FNDA:0,(anonymous_3)
DA:7,0
DA:8,0
DA:17,0
DA:26,0
DA:28,0
DA:29,0
DA:33,0
DA:35,0
DA:36,0
DA:37,0
DA:41,0
DA:42,0
DA:43,0
LF:13
LH:0
BRDA:7,0,0,0
BRDA:7,0,1,0
BRDA:36,1,0,0
BRDA:36,1,1,0
BRDA:42,2,0,0
BRDA:42,2,1,0
BRF:6
BRH:0
end_of_record
TN:
SF:/Users/dnohashi/Desktop/production/prevue2/src-pwa/custom-service-worker.js
FNF:0
FNH:0
LF:0
LH:0
BRF:0
BRH:0
end_of_record
TN:
SF:/Users/dnohashi/Desktop/production/prevue2/src-pwa/register-service-worker.js
FN:14,(anonymous_0)
FN:18,(anonymous_1)
FN:22,(anonymous_2)
FN:26,(anonymous_3)
FN:30,(anonymous_4)
FN:34,(anonymous_5)
FN:38,(anonymous_6)
FNF:7
FNH:0
FNDA:0,(anonymous_0)
FNDA:0,(anonymous_1)
FNDA:0,(anonymous_2)
FNDA:0,(anonymous_3)
FNDA:0,(anonymous_4)
FNDA:0,(anonymous_5)
FNDA:0,(anonymous_6)
DA:7,0
DA:15,0
DA:19,0
DA:23,0
DA:27,0
DA:31,0
DA:35,0
DA:39,0
LF:8
LH:0
BRF:0
BRH:0
end_of_record
TN:
SF:/Users/dnohashi/Desktop/production/prevue2/src/components/ChildrenMultiselect.vue
FN:41,options
FN:45,(anonymous_2)
FN:56,handleSelect
FNF:3
FNH:0
FNDA:0,options
FNDA:0,(anonymous_2)
FNDA:0,handleSelect
DA:25,0
DA:26,0
DA:42,0
DA:43,0
DA:44,0
DA:45,0
DA:46,0
DA:58,0
DA:59,0
DA:60,0
LF:10
LH:0
BRDA:46,0,0,0
BRDA:46,0,1,0
BRF:2
BRH:0
end_of_record
TN:
SF:/Users/dnohashi/Desktop/production/prevue2/src/components/CodeSnippet.vue
FN:25,data
FN:40,getWindowHeight
FN:46,createCodeSnippet
FN:50,createTemplate
FN:53,(anonymous_5)
FN:59,writeTemplateTag
FN:87,createBoiler
FN:89,(anonymous_8)
FN:93,(anonymous_9)
FN:99,mounted
FN:102,(anonymous_11)
FN:109,updated
FN:113,beforeDestroy
FNF:13
FNH:0
FNDA:0,data
FNDA:0,getWindowHeight
FNDA:0,createCodeSnippet
FNDA:0,createTemplate
FNDA:0,(anonymous_5)
FNDA:0,writeTemplateTag
FNDA:0,createBoiler
FNDA:0,(anonymous_8)
FNDA:0,(anonymous_9)
FNDA:0,mounted
FNDA:0,(anonymous_11)
FNDA:0,updated
FNDA:0,beforeDestroy
DA:18,0
DA:19,0
DA:20,0
DA:21,0
DA:22,0
DA:26,0
DA:41,0
DA:43,0
DA:47,0
DA:48,0
DA:51,0
DA:52,0
DA:53,0
DA:54,0
DA:56,0
DA:57,0
DA:59,0
DA:62,0
DA:76,0
DA:77,0
DA:78,0
DA:79,0
DA:80,0
DA:81,0
DA:82,0
DA:85,0
DA:88,0
DA:89,0
DA:90,0
DA:92,0
DA:93,0
DA:94,0
DA:96,0
DA:99,0
DA:102,0
DA:103,0
DA:105,0
DA:111,0
DA:114,0
LF:39
LH:0
BRDA:41,0,0,0
BRDA:41,0,1,0
BRDA:59,1,0,0
BRDA:59,1,1,0
BRF:4
BRH:0
end_of_record
TN:
SF:/Users/dnohashi/Desktop/production/prevue2/src/components/ComponentDisplay.vue
FN:68,data
FN:76,mounted
FN:78,(anonymous_3)
FN:90,activeRouteArray
FN:95,activeComponentData
FN:96,(anonymous_6)
FN:100,childList
FN:103,options
FN:107,(anonymous_9)
FN:117,onResize
FN:128,onDrag
FN:135,onActivated
FN:139,onDeactivated
FN:142,onDoubleClick
FN:146,handleAddChild
FN:150,handleSelect
FNF:16
FNH:0
FNDA:0,data
FNDA:0,mounted
FNDA:0,(anonymous_3)
FNDA:0,activeRouteArray
FNDA:0,activeComponentData
FNDA:0,(anonymous_6)
FNDA:0,childList
FNDA:0,options
FNDA:0,(anonymous_9)
FNDA:0,onResize
FNDA:0,onDrag
FNDA:0,onActivated
FNDA:0,onDeactivated
FNDA:0,onDoubleClick
FNDA:0,handleAddChild
FNDA:0,handleSelect
DA:58,0
DA:59,0
DA:61,0
DA:69,0
DA:76,0
DA:78,0
DA:79,0
DA:80,0
DA:82,0
DA:91,0
DA:92,0
DA:95,0
DA:96,0
DA:97,0
DA:101,0
DA:105,0
DA:106,0
DA:107,0
DA:108,0
DA:118,0
DA:119,0
DA:120,0
DA:121,0
DA:123,0
DA:124,0
DA:125,0
DA:126,0
DA:129,0
DA:130,0
DA:132,0
DA:133,0
DA:136,0
DA:137,0
DA:140,0
DA:143,0
DA:144,0
DA:148,0
DA:152,0
DA:153,0
LF:39
LH:0
BRDA:79,0,0,0
BRDA:79,0,1,0
BRDA:80,1,0,0
BRDA:80,1,1,0
BRDA:80,2,0,0
BRDA:80,2,1,0
BRDA:108,3,0,0
BRDA:108,3,1,0
BRF:8
BRH:0
end_of_record
TN:
SF:/Users/dnohashi/Desktop/production/prevue2/src/components/CreateComponent.vue
FN:41,get
FN:44,set
FN:57,handleClick
FN:71,resetActiveComponent
FN:74,handleIconClick
FNF:5
FNH:0
FNDA:0,get
FNDA:0,set
FNDA:0,handleClick
FNDA:0,resetActiveComponent
FNDA:0,handleIconClick
DA:28,0
DA:29,0
DA:30,0
DA:42,0
DA:45,0
DA:58,0
DA:69,0
DA:72,0
DA:75,0
LF:9
LH:0
BRDA:75,0,0,0
BRDA:75,0,1,0
BRF:2
BRH:0
end_of_record
TN:
SF:/Users/dnohashi/Desktop/production/prevue2/src/components/EditQueue.vue
FN:34,data
FN:42,get
FN:45,set
FN:52,deleteElement
FNF:4
FNH:0
FNDA:0,data
FNDA:0,get
FNDA:0,set
FNDA:0,deleteElement
DA:17,0
DA:18,0
DA:19,0
DA:35,0
DA:43,0
DA:46,0
DA:53,0
LF:7
LH:0
BRF:0
BRH:0
end_of_record
TN:
SF:/Users/dnohashi/Desktop/production/prevue2/src/components/Footer.vue
FN:57,data
FN:67,openBottomDrawer
FNF:2
FNH:0
FNDA:0,data
FNDA:0,openBottomDrawer
DA:47,0
DA:48,0
DA:49,0
DA:58,0
DA:70,0
DA:71,0
DA:72,0
LF:7
LH:0
BRDA:70,0,0,0
BRDA:70,0,1,0
BRDA:71,1,0,0
BRDA:71,1,1,0
BRDA:72,2,0,0
BRDA:72,2,1,0
BRF:6
BRH:0
end_of_record
TN:
SF:/Users/dnohashi/Desktop/production/prevue2/src/components/HomeQueue.vue
FN:38,get
FN:42,set
FN:48,deleteElement
FNF:3
FNH:0
FNDA:0,get
FNDA:0,set
FNDA:0,deleteElement
DA:20,0
DA:21,0
DA:22,0
DA:39,0
DA:40,0
DA:43,0
DA:49,0
LF:7
LH:0
BRDA:39,0,0,0
BRDA:39,0,1,0
BRDA:49,1,0,0
BRDA:49,1,1,0
BRF:4
BRH:0
end_of_record
TN:
SF:/Users/dnohashi/Desktop/production/prevue2/src/components/HomeSideDropDown.vue
FNF:0
FNH:0
DA:37,0
DA:38,0
DA:39,0
LF:3
LH:0
BRF:0
BRH:0
end_of_record
TN:
SF:/Users/dnohashi/Desktop/production/prevue2/src/components/Icons.vue
FN:24,changeState
FNF:1
FNH:0
FNDA:0,changeState
DA:16,0
DA:25,0
LF:2
LH:0
BRDA:25,0,0,0
BRDA:25,0,1,0
BRF:2
BRH:0
end_of_record
TN:
SF:/Users/dnohashi/Desktop/production/prevue2/src/components/ParentMultiselect.vue
FN:34,options
FN:35,(anonymous_2)
FN:43,handleSelect
FNF:3
FNH:0
FNDA:0,options
FNDA:0,(anonymous_2)
FNDA:0,handleSelect
DA:18,0
DA:19,0
DA:35,0
DA:45,0
DA:47,0
LF:5
LH:0
BRF:0
BRH:0
end_of_record
TN:
SF:/Users/dnohashi/Desktop/production/prevue2/src/components/RouteDisplay.vue
FN:32,data
FN:39,handleEnterKeyPress
FN:40,(anonymous_3)
FN:43,(anonymous_4)
FNF:4
FNH:0
FNDA:0,data
FNDA:0,handleEnterKeyPress
FNDA:0,(anonymous_3)
FNDA:0,(anonymous_4)
DA:21,0
DA:22,0
DA:33,0
DA:39,0
DA:40,0
DA:42,0
DA:45,0
LF:7
LH:0
BRF:0
BRH:0
end_of_record
TN:
SF:/Users/dnohashi/Desktop/production/prevue2/src/components/Routes.vue
FN:31,handleClick
FN:34,deleteSelectedRoute
FNF:2
FNH:0
FNDA:0,handleClick
FNDA:0,deleteSelectedRoute
DA:22,0
DA:32,0
DA:35,0
DA:36,0
LF:4
LH:0
BRF:0
BRH:0
end_of_record
TN:
SF:/Users/dnohashi/Desktop/production/prevue2/src/components/Tree.vue
FN:24,computedTree
FN:28,data
FN:34,formatComponentMap
FN:37,(anonymous_4)
FN:45,transformToTree
FN:50,(anonymous_6)
FN:55,(anonymous_7)
FN:62,buildTree
FNF:8
FNH:0
FNDA:0,computedTree
FNDA:0,data
FNDA:0,formatComponentMap
FNDA:0,(anonymous_4)
FNDA:0,transformToTree
FNDA:0,(anonymous_6)
FNDA:0,(anonymous_7)
FNDA:0,buildTree
DA:15,0
DA:16,0
DA:25,0
DA:29,0
DA:35,0
DA:36,0
DA:37,0
DA:38,0
DA:43,0
DA:46,0
DA:47,0
DA:48,0
DA:50,0
DA:51,0
DA:52,0
DA:53,0
DA:55,0
DA:56,0
DA:57,0
DA:60,0
DA:63,0
DA:64,0
LF:22
LH:0
BRDA:51,0,0,0
BRDA:51,0,1,0
BRF:2
BRH:0
end_of_record
TN:
SF:/Users/dnohashi/Desktop/production/prevue2/src/components/HomeSideDropDownItems/ComponentList.vue
FN:36,activeRouteDisplay
FN:40,activeComponentData
FN:41,(anonymous_3)
FN:48,onActivated
FN:52,handleClick
FNF:5
FNH:0
FNDA:0,activeRouteDisplay
FNDA:0,activeComponentData
FNDA:0,(anonymous_3)
FNDA:0,onActivated
FNDA:0,handleClick
DA:31,0
DA:37,0
DA:38,0
DA:40,0
DA:41,0
DA:42,0
DA:49,0
DA:50,0
DA:54,0
DA:55,0
LF:10
LH:0
BRF:0
BRH:0
end_of_record
TN:
SF:/Users/dnohashi/Desktop/production/prevue2/src/layouts/MyLayout.vue
FN:44,data
FNF:1
FNH:0
FNDA:0,data
DA:35,0
DA:36,0
DA:37,0
DA:38,0
DA:39,0
DA:40,0
DA:45,0
LF:7
LH:0
BRF:0
BRH:0
end_of_record
TN:
SF:/Users/dnohashi/Desktop/production/prevue2/src/pages/Index.vue
FNF:0
FNH:0
DA:12,0
LF:1
LH:0
BRF:0
BRH:0
end_of_record
TN:
SF:/Users/dnohashi/Desktop/production/prevue2/src/router/index.js
FN:13,(anonymous_0)
FN:15,(anonymous_1)
FNF:2
FNH:0
FNDA:0,(anonymous_0)
FNDA:0,(anonymous_1)
DA:6,0
DA:14,0
DA:15,0
DA:25,0
LF:4
LH:0
BRF:0
BRH:0
end_of_record
TN:
SF:/Users/dnohashi/Desktop/production/prevue2/src/router/routes.js
FN:5,(anonymous_0)
FN:7,(anonymous_1)
FN:12,(anonymous_2)
FN:14,(anonymous_3)
FN:23,(anonymous_4)
FNF:5
FNH:0
FNDA:0,(anonymous_0)
FNDA:0,(anonymous_1)
FNDA:0,(anonymous_2)
FNDA:0,(anonymous_3)
FNDA:0,(anonymous_4)
DA:2,0
DA:5,0
DA:7,0
DA:12,0
DA:14,0
DA:20,0
DA:21,0
DA:23,0
LF:8
LH:0
BRDA:20,0,0,0
BRDA:20,0,1,0
BRF:2
BRH:0
end_of_record
TN:
SF:/Users/dnohashi/Desktop/production/prevue2/src/store/actions.js
FN:5,(anonymous_0)
FN:19,(anonymous_1)
FN:36,(anonymous_2)
FN:42,(anonymous_3)
FN:45,(anonymous_4)
FN:51,(anonymous_5)
FN:54,(anonymous_6)
FN:57,(anonymous_7)
FN:63,(anonymous_8)
FN:66,(anonymous_9)
FN:69,(anonymous_10)
FN:72,(anonymous_11)
FN:75,(anonymous_12)
FN:78,(anonymous_13)
FN:81,(anonymous_14)
FN:91,(anonymous_15)
FN:94,(anonymous_16)
FN:97,(anonymous_17)
FN:100,(anonymous_18)
FN:103,(anonymous_19)
FN:106,(anonymous_20)
FN:110,(anonymous_21)
FN:113,(anonymous_22)
FN:116,(anonymous_23)
FN:119,(anonymous_24)
FN:122,(anonymous_25)
FNF:26
FNH:0
FNDA:0,(anonymous_0)
FNDA:0,(anonymous_1)
FNDA:0,(anonymous_2)
FNDA:0,(anonymous_3)
FNDA:0,(anonymous_4)
FNDA:0,(anonymous_5)
FNDA:0,(anonymous_6)
FNDA:0,(anonymous_7)
FNDA:0,(anonymous_8)
FNDA:0,(anonymous_9)
FNDA:0,(anonymous_10)
FNDA:0,(anonymous_11)
FNDA:0,(anonymous_12)
FNDA:0,(anonymous_13)
FNDA:0,(anonymous_14)
FNDA:0,(anonymous_15)
FNDA:0,(anonymous_16)
FNDA:0,(anonymous_17)
FNDA:0,(anonymous_18)
FNDA:0,(anonymous_19)
FNDA:0,(anonymous_20)
FNDA:0,(anonymous_21)
FNDA:0,(anonymous_22)
FNDA:0,(anonymous_23)
FNDA:0,(anonymous_24)
FNDA:0,(anonymous_25)
DA:3,0
DA:6,0
DA:7,0
DA:8,0
DA:9,0
DA:10,0
DA:16,0
DA:18,0
DA:19,0
DA:20,0
DA:23,0
DA:24,0
DA:27,0
DA:28,0
DA:29,0
DA:30,0
DA:31,0
DA:32,0
DA:37,0
DA:38,0
DA:43,0
DA:46,0
DA:52,0
DA:55,0
DA:56,0
DA:57,0
DA:58,0
DA:60,0
DA:61,0
DA:64,0
DA:67,0
DA:70,0
DA:73,0
DA:76,0
DA:79,0
DA:82,0
DA:83,0
DA:84,0
DA:85,0
DA:86,0
DA:87,0
DA:88,0
DA:89,0
DA:92,0
DA:95,0
DA:98,0
DA:101,0
DA:104,0
DA:107,0
DA:108,0
DA:111,0
DA:114,0
DA:117,0
DA:120,0
DA:123,0
DA:124,0
LF:56
LH:0
BRDA:7,0,0,0
BRDA:7,0,1,0
BRDA:9,1,0,0
BRDA:9,1,1,0
BRDA:23,2,0,0
BRDA:23,2,1,0
BRDA:37,3,0,0
BRDA:37,3,1,0
BRF:8
BRH:0
end_of_record
TN:
SF:/Users/dnohashi/Desktop/production/prevue2/src/store/index.js
FNF:0
FNH:0
DA:8,0
LF:1
LH:0
BRF:0
BRH:0
end_of_record
TN:
SF:/Users/dnohashi/Desktop/production/prevue2/src/store/mutations.js
FN:7,(anonymous_0)
FN:25,(anonymous_1)
FN:30,(anonymous_2)
FN:33,(anonymous_3)
FN:40,(anonymous_4)
FN:44,parseAndDelete
FN:45,(anonymous_6)
FN:59,(anonymous_7)
FN:64,(anonymous_8)
FN:73,(anonymous_9)
FN:79,(anonymous_10)
FN:84,(anonymous_11)
FN:87,(anonymous_12)
FN:92,(anonymous_13)
FN:97,(anonymous_14)
FN:101,(anonymous_15)
FN:109,(anonymous_16)
FN:120,(anonymous_17)
FN:124,(anonymous_18)
FN:128,(anonymous_19)
FN:131,(anonymous_20)
FN:136,(anonymous_21)
FN:140,(anonymous_22)
FN:143,(anonymous_23)
FN:145,(anonymous_24)
FN:154,(anonymous_25)
FN:159,(anonymous_26)
FN:163,(anonymous_27)
FN:166,(anonymous_28)
FN:169,(anonymous_29)
FN:173,(anonymous_30)
FN:178,(anonymous_31)
FN:181,(anonymous_32)
FN:184,(anonymous_33)
FN:190,(anonymous_34)
FNF:35
FNH:0
FNDA:0,(anonymous_0)
FNDA:0,(anonymous_1)
FNDA:0,(anonymous_2)
FNDA:0,(anonymous_3)
FNDA:0,(anonymous_4)
FNDA:0,parseAndDelete
FNDA:0,(anonymous_6)
FNDA:0,(anonymous_7)
FNDA:0,(anonymous_8)
FNDA:0,(anonymous_9)
FNDA:0,(anonymous_10)
FNDA:0,(anonymous_11)
FNDA:0,(anonymous_12)
FNDA:0,(anonymous_13)
FNDA:0,(anonymous_14)
FNDA:0,(anonymous_15)
FNDA:0,(anonymous_16)
FNDA:0,(anonymous_17)
FNDA:0,(anonymous_18)
FNDA:0,(anonymous_19)
FNDA:0,(anonymous_20)
FNDA:0,(anonymous_21)
FNDA:0,(anonymous_22)
FNDA:0,(anonymous_23)
FNDA:0,(anonymous_24)
FNDA:0,(anonymous_25)
FNDA:0,(anonymous_26)
FNDA:0,(anonymous_27)
FNDA:0,(anonymous_28)
FNDA:0,(anonymous_29)
FNDA:0,(anonymous_30)
FNDA:0,(anonymous_31)
FNDA:0,(anonymous_32)
FNDA:0,(anonymous_33)
FNDA:0,(anonymous_34)
DA:5,0
DA:8,0
DA:9,0
DA:26,0
DA:31,0
DA:34,0
DA:35,0
DA:41,0
DA:42,0
DA:45,0
DA:46,0
DA:47,0
DA:50,0
DA:54,0
DA:55,0
DA:57,0
DA:60,0
DA:61,0
DA:65,0
DA:67,0
DA:69,0
DA:71,0
DA:72,0
DA:73,0
DA:74,0
DA:77,0
DA:80,0
DA:81,0
DA:85,0
DA:88,0
DA:89,0
DA:90,0
DA:93,0
DA:94,0
DA:95,0
DA:98,0
DA:102,0
DA:106,0
DA:110,0
DA:111,0
DA:121,0
DA:125,0
DA:129,0
DA:132,0
DA:133,0
DA:137,0
DA:141,0
DA:144,0
DA:145,0
DA:146,0
DA:148,0
DA:155,0
DA:160,0
DA:161,0
DA:165,0
DA:166,0
DA:170,0
DA:174,0
DA:175,0
DA:179,0
DA:182,0
DA:185,0
DA:186,0
DA:187,0
DA:188,0
DA:191,0
DA:192,0
DA:193,0
DA:194,0
DA:195,0
DA:198,0
DA:199,0
DA:200,0
LF:73
LH:0
BRDA:46,0,0,0
BRDA:46,0,1,0
BRDA:74,1,0,0
BRDA:74,1,1,0
BRDA:194,2,0,0
BRDA:194,2,1,0
BRF:6
BRH:0
end_of_record
TN:
SF:/Users/dnohashi/Desktop/production/prevue2/src/store/types.js
FNF:0
FNH:0
DA:2,0
DA:3,0
DA:4,0
DA:5,0
DA:6,0
DA:7,0
DA:8,0
DA:9,0
DA:10,0
DA:11,0
DA:12,0
DA:14,0
DA:15,0
DA:17,0
DA:18,0
DA:19,0
DA:20,0
DA:21,0
DA:22,0
DA:23,0
DA:24,0
DA:25,0
DA:27,0
DA:28,0
DA:29,0
DA:31,0
DA:33,0
DA:35,0
DA:37,0
DA:39,0
DA:40,0
DA:41,0
DA:42,0
DA:43,0
DA:46,0
DA:47,0
DA:48,0
DA:49,0
DA:50,0
DA:51,0
DA:52,0
DA:53,0
DA:54,0
DA:55,0
DA:56,0
DA:57,0
DA:58,0
DA:59,0
DA:60,0
DA:61,0
DA:62,0
DA:63,0
DA:64,0
DA:65,0
DA:68,0
DA:70,0
DA:72,0
DA:73,0
DA:74,0
DA:75,0
DA:76,0
DA:77,0
LF:62
LH:0
BRF:0
BRH:0
end_of_record
TN:
SF:/Users/dnohashi/Desktop/production/prevue2/src/store/module-example/actions.js
FN:1,someAction
FNF:1
FNH:0
FNDA:0,someAction
LF:0
LH:0
BRF:0
BRH:0
end_of_record
TN:
SF:/Users/dnohashi/Desktop/production/prevue2/src/store/module-example/getters.js
FN:1,someGetter
FNF:1
FNH:0
FNDA:0,someGetter
LF:0
LH:0
BRF:0
BRH:0
end_of_record
TN:
SF:/Users/dnohashi/Desktop/production/prevue2/src/store/module-example/index.js
FNF:0
FNH:0
LF:0
LH:0
BRF:0
BRH:0
end_of_record
TN:
SF:/Users/dnohashi/Desktop/production/prevue2/src/store/module-example/mutations.js
FN:1,someMutation
FNF:1
FNH:0
FNDA:0,someMutation
LF:0
LH:0
BRF:0
BRH:0
end_of_record
TN:
SF:/Users/dnohashi/Desktop/production/prevue2/src/store/module-example/state.js
FNF:0
FNH:0
LF:0
LH:0
BRF:0
BRH:0
end_of_record
TN:
SF:/Users/dnohashi/Desktop/production/prevue2/src/store/state/htmlElementMap.js
FNF:0
FNH:0
DA:1,0
LF:1
LH:0
BRF:0
BRH:0
end_of_record
TN:
SF:/Users/dnohashi/Desktop/production/prevue2/src/store/state/icons.js
FNF:0
FNH:0
DA:1,0
LF:1
LH:0
BRF:0
BRH:0
end_of_record
TN:
SF:/Users/dnohashi/Desktop/production/prevue2/src/store/state/index.js
FNF:0
FNH:0
DA:4,0
LF:1
LH:0
BRF:0
BRH:0
end_of_record
